{"/home/travis/build/npmtest/node-npmtest-react-redux-form/test.js":{"path":"/home/travis/build/npmtest/node-npmtest-react-redux-form/test.js","s":{"1":2,"2":2,"3":2,"4":2,"5":2,"6":2,"7":2,"8":1,"9":2,"10":2,"11":1,"12":1,"13":1,"14":1,"15":2,"16":2,"17":2,"18":2,"19":1,"20":1,"21":2,"22":2,"23":2,"24":1,"25":1,"26":1,"27":1,"28":1,"29":1,"30":1,"31":1,"32":1,"33":1,"34":1,"35":1,"36":1,"37":1,"38":1,"39":2,"40":2,"41":1,"42":2,"43":2,"44":1,"45":2,"46":2,"47":1,"48":2,"49":2,"50":1,"51":1,"52":1,"53":1,"54":1},"b":{"1":[2,1,1,1],"2":[1,1,1,1],"3":[1,1],"4":[1,1],"5":[1,1],"6":[1,1],"7":[1,1],"8":[1,1],"9":[1,1],"10":[1,1,1],"11":[1,1],"12":[1,1],"13":[1,1],"14":[1,1],"15":[1,1],"16":[1,1],"17":[1,1]},"f":{"1":2,"2":2,"3":2,"4":2,"5":2,"6":1,"7":1,"8":1,"9":2,"10":2,"11":2,"12":2,"13":1},"fnMap":{"1":{"name":"(anonymous_1)","line":12,"loc":{"start":{"line":12,"column":1},"end":{"line":12,"column":13}}},"2":{"name":"(anonymous_2)","line":19,"loc":{"start":{"line":19,"column":5},"end":{"line":19,"column":17}}},"3":{"name":"(anonymous_3)","line":23,"loc":{"start":{"line":23,"column":24},"end":{"line":23,"column":36}}},"4":{"name":"(anonymous_4)","line":61,"loc":{"start":{"line":61,"column":5},"end":{"line":61,"column":17}}},"5":{"name":"(anonymous_5)","line":82,"loc":{"start":{"line":82,"column":5},"end":{"line":82,"column":17}}},"6":{"name":"(anonymous_6)","line":91,"loc":{"start":{"line":91,"column":77},"end":{"line":94,"column":10}}},"7":{"name":"(anonymous_7)","line":112,"loc":{"start":{"line":112,"column":83},"end":{"line":115,"column":10}},"skip":true},"8":{"name":"(anonymous_8)","line":123,"loc":{"start":{"line":123,"column":77},"end":{"line":126,"column":10}},"skip":true},"9":{"name":"(anonymous_9)","line":139,"loc":{"start":{"line":139,"column":12},"end":{"line":139,"column":40}},"skip":true},"10":{"name":"(anonymous_10)","line":147,"loc":{"start":{"line":147,"column":77},"end":{"line":150,"column":10}},"skip":true},"11":{"name":"(anonymous_11)","line":158,"loc":{"start":{"line":158,"column":83},"end":{"line":161,"column":10}},"skip":true},"12":{"name":"(anonymous_12)","line":169,"loc":{"start":{"line":169,"column":79},"end":{"line":172,"column":10}},"skip":true},"13":{"name":"(anonymous_13)","line":180,"loc":{"start":{"line":180,"column":75},"end":{"line":183,"column":10}},"skip":true}},"statementMap":{"1":{"start":{"line":12,"column":0},"end":{"line":195,"column":5}},"2":{"start":{"line":14,"column":4},"end":{"line":14,"column":14}},"3":{"start":{"line":19,"column":4},"end":{"line":56,"column":9}},"4":{"start":{"line":21,"column":8},"end":{"line":21,"column":19}},"5":{"start":{"line":23,"column":8},"end":{"line":35,"column":13}},"6":{"start":{"line":24,"column":12},"end":{"line":34,"column":13}},"7":{"start":{"line":25,"column":16},"end":{"line":28,"column":30}},"8":{"start":{"line":30,"column":16},"end":{"line":33,"column":27}},"9":{"start":{"line":37,"column":8},"end":{"line":39,"column":21}},"10":{"start":{"line":40,"column":8},"end":{"line":53,"column":9}},"11":{"start":{"line":43,"column":12},"end":{"line":46,"column":14}},"12":{"start":{"line":47,"column":12},"end":{"line":47,"column":18}},"13":{"start":{"line":50,"column":12},"end":{"line":51,"column":33}},"14":{"start":{"line":52,"column":12},"end":{"line":52,"column":18}},"15":{"start":{"line":55,"column":8},"end":{"line":55,"column":35}},"16":{"start":{"line":61,"column":4},"end":{"line":63,"column":9}},"17":{"start":{"line":62,"column":8},"end":{"line":62,"column":15}},"18":{"start":{"line":64,"column":4},"end":{"line":77,"column":5}},"19":{"start":{"line":70,"column":8},"end":{"line":70,"column":14}},"20":{"start":{"line":76,"column":8},"end":{"line":76,"column":14}},"21":{"start":{"line":82,"column":4},"end":{"line":84,"column":9}},"22":{"start":{"line":83,"column":8},"end":{"line":83,"column":15}},"23":{"start":{"line":85,"column":4},"end":{"line":194,"column":5}},"24":{"start":{"line":91,"column":8},"end":{"line":99,"column":10}},"25":{"start":{"line":98,"column":12},"end":{"line":98,"column":35}},"26":{"start":{"line":102,"column":8},"end":{"line":104,"column":63}},"27":{"start":{"line":105,"column":8},"end":{"line":105,"column":14}},"28":{"start":{"line":112,"column":8},"end":{"line":121,"column":10},"skip":true},"29":{"start":{"line":119,"column":12},"end":{"line":119,"column":55},"skip":true},"30":{"start":{"line":120,"column":12},"end":{"line":120,"column":48},"skip":true},"31":{"start":{"line":123,"column":8},"end":{"line":136,"column":10},"skip":true},"32":{"start":{"line":130,"column":12},"end":{"line":130,"column":76},"skip":true},"33":{"start":{"line":131,"column":12},"end":{"line":131,"column":73},"skip":true},"34":{"start":{"line":132,"column":12},"end":{"line":132,"column":74},"skip":true},"35":{"start":{"line":133,"column":12},"end":{"line":133,"column":79},"skip":true},"36":{"start":{"line":134,"column":12},"end":{"line":134,"column":25},"skip":true},"37":{"start":{"line":135,"column":12},"end":{"line":135,"column":45},"skip":true},"38":{"start":{"line":138,"column":8},"end":{"line":145,"column":14},"skip":true},"39":{"start":{"line":143,"column":16},"end":{"line":143,"column":29},"skip":true},"40":{"start":{"line":144,"column":16},"end":{"line":144,"column":55},"skip":true},"41":{"start":{"line":147,"column":8},"end":{"line":156,"column":10},"skip":true},"42":{"start":{"line":154,"column":12},"end":{"line":154,"column":25},"skip":true},"43":{"start":{"line":155,"column":12},"end":{"line":155,"column":45},"skip":true},"44":{"start":{"line":158,"column":8},"end":{"line":167,"column":10},"skip":true},"45":{"start":{"line":165,"column":12},"end":{"line":165,"column":25},"skip":true},"46":{"start":{"line":166,"column":12},"end":{"line":166,"column":48},"skip":true},"47":{"start":{"line":169,"column":8},"end":{"line":178,"column":10},"skip":true},"48":{"start":{"line":176,"column":12},"end":{"line":176,"column":25},"skip":true},"49":{"start":{"line":177,"column":12},"end":{"line":177,"column":46},"skip":true},"50":{"start":{"line":180,"column":8},"end":{"line":189,"column":10},"skip":true},"51":{"start":{"line":187,"column":12},"end":{"line":187,"column":94},"skip":true},"52":{"start":{"line":188,"column":12},"end":{"line":188,"column":48},"skip":true},"53":{"start":{"line":192,"column":8},"end":{"line":192,"column":35},"skip":true},"54":{"start":{"line":193,"column":8},"end":{"line":193,"column":14},"skip":true}},"branchMap":{"1":{"line":25,"type":"binary-expr","locations":[{"start":{"line":25,"column":23},"end":{"line":25,"column":62}},{"start":{"line":26,"column":20},"end":{"line":26,"column":70}},{"start":{"line":27,"column":20},"end":{"line":27,"column":71}},{"start":{"line":28,"column":20},"end":{"line":28,"column":29}}]},"2":{"line":30,"type":"binary-expr","locations":[{"start":{"line":30,"column":23},"end":{"line":30,"column":37}},{"start":{"line":31,"column":20},"end":{"line":31,"column":61}},{"start":{"line":32,"column":20},"end":{"line":32,"column":70}},{"start":{"line":33,"column":20},"end":{"line":33,"column":26}}]},"3":{"line":37,"type":"cond-expr","locations":[{"start":{"line":38,"column":14},"end":{"line":38,"column":20}},{"start":{"line":39,"column":14},"end":{"line":39,"column":20}}]},"4":{"line":40,"type":"switch","locations":[{"start":{"line":42,"column":8},"end":{"line":47,"column":18}},{"start":{"line":49,"column":8},"end":{"line":52,"column":18}}]},"5":{"line":44,"type":"binary-expr","locations":[{"start":{"line":44,"column":16},"end":{"line":44,"column":44}},{"start":{"line":44,"column":48},"end":{"line":44,"column":66}}]},"6":{"line":50,"type":"binary-expr","locations":[{"start":{"line":50,"column":21},"end":{"line":50,"column":49}},{"start":{"line":50,"column":53},"end":{"line":50,"column":72}}]},"7":{"line":64,"type":"switch","locations":[{"start":{"line":69,"column":4},"end":{"line":70,"column":14}},{"start":{"line":75,"column":4},"end":{"line":76,"column":14}}]},"8":{"line":85,"type":"switch","locations":[{"start":{"line":90,"column":4},"end":{"line":105,"column":14}},{"start":{"line":111,"column":4},"end":{"line":193,"column":14},"skip":true}]},"9":{"line":91,"type":"binary-expr","locations":[{"start":{"line":91,"column":42},"end":{"line":91,"column":73}},{"start":{"line":91,"column":77},"end":{"line":99,"column":9}}]},"10":{"line":102,"type":"binary-expr","locations":[{"start":{"line":102,"column":18},"end":{"line":102,"column":32}},{"start":{"line":103,"column":12},"end":{"line":103,"column":53}},{"start":{"line":104,"column":12},"end":{"line":104,"column":61}}]},"11":{"line":112,"type":"binary-expr","locations":[{"start":{"line":112,"column":45},"end":{"line":112,"column":79},"skip":true},{"start":{"line":112,"column":83},"end":{"line":121,"column":9},"skip":true}]},"12":{"line":123,"type":"binary-expr","locations":[{"start":{"line":123,"column":42},"end":{"line":123,"column":73},"skip":true},{"start":{"line":123,"column":77},"end":{"line":136,"column":9},"skip":true}]},"13":{"line":138,"type":"binary-expr","locations":[{"start":{"line":138,"column":48},"end":{"line":138,"column":85},"skip":true},{"start":{"line":139,"column":12},"end":{"line":145,"column":13},"skip":true}]},"14":{"line":147,"type":"binary-expr","locations":[{"start":{"line":147,"column":42},"end":{"line":147,"column":73},"skip":true},{"start":{"line":147,"column":77},"end":{"line":156,"column":9},"skip":true}]},"15":{"line":158,"type":"binary-expr","locations":[{"start":{"line":158,"column":45},"end":{"line":158,"column":79},"skip":true},{"start":{"line":158,"column":83},"end":{"line":167,"column":9},"skip":true}]},"16":{"line":169,"type":"binary-expr","locations":[{"start":{"line":169,"column":43},"end":{"line":169,"column":75},"skip":true},{"start":{"line":169,"column":79},"end":{"line":178,"column":9},"skip":true}]},"17":{"line":180,"type":"binary-expr","locations":[{"start":{"line":180,"column":41},"end":{"line":180,"column":71},"skip":true},{"start":{"line":180,"column":75},"end":{"line":189,"column":9},"skip":true}]}},"code":["/* istanbul instrument in package npmtest_react_redux_form */","/*jslint","    bitwise: true,","    browser: true,","    maxerr: 8,","    maxlen: 96,","    node: true,","    nomen: true,","    regexp: true,","    stupid: true","*/","(function () {","    'use strict';","    var local;","","","","    // run shared js-env code - init-before","    (function () {","        // init local","        local = {};","        // init modeJs","        local.modeJs = (function () {","            try {","                return typeof navigator.userAgent === 'string' &&","                    typeof document.querySelector('body') === 'object' &&","                    typeof XMLHttpRequest.prototype.open === 'function' &&","                    'browser';","            } catch (errorCaughtBrowser) {","                return module.exports &&","                    typeof process.versions.node === 'string' &&","                    typeof require('http').createServer === 'function' &&","                    'node';","            }","        }());","        // init global","        local.global = local.modeJs === 'browser'","            ? window","            : global;","        switch (local.modeJs) {","        // re-init local from window.local","        case 'browser':","            local = local.global.utility2.objectSetDefault(","                local.global.utility2_rollup || local.global.local,","                local.global.utility2","            );","            break;","        // re-init local from example.js","        case 'node':","            local = (local.global.utility2_rollup || require('utility2'))","                .requireReadme();","            break;","        }","        // export local","        local.global.local = local;","    }());","","","","    // run shared js-env code - function","    (function () {","        return;","    }());","    switch (local.modeJs) {","","","","    // run browser js-env code - function","    case 'browser':","        break;","","","","    // run node js-env code - function","    case 'node':","        break;","    }","","","","    // run shared js-env code - init-after","    (function () {","        return;","    }());","    switch (local.modeJs) {","","","","    // run browser js-env code - init-after","    case 'browser':","        local.testCase_browser_nullCase = local.testCase_browser_nullCase || function (","            options,","            onError","        ) {","        /*","         * this function will test browsers's null-case handling-behavior-behavior","         */","            onError(null, options);","        };","","        // run tests","        local.nop(local.modeTest &&","            document.querySelector('#testRunButton1') &&","            document.querySelector('#testRunButton1').click());","        break;","","","","    // run node js-env code - init-after","    /* istanbul ignore next */","    case 'node':","        local.testCase_buildApidoc_default = local.testCase_buildApidoc_default || function (","            options,","            onError","        ) {","        /*","         * this function will test buildApidoc's default handling-behavior-behavior","         */","            options = { modulePathList: module.paths };","            local.buildApidoc(options, onError);","        };","","        local.testCase_buildApp_default = local.testCase_buildApp_default || function (","            options,","            onError","        ) {","        /*","         * this function will test buildApp's default handling-behavior-behavior","         */","            local.testCase_buildReadme_default(options, local.onErrorThrow);","            local.testCase_buildLib_default(options, local.onErrorThrow);","            local.testCase_buildTest_default(options, local.onErrorThrow);","            local.testCase_buildCustomOrg_default(options, local.onErrorThrow);","            options = [];","            local.buildApp(options, onError);","        };","","        local.testCase_buildCustomOrg_default = local.testCase_buildCustomOrg_default ||","            function (options, onError) {","            /*","             * this function will test buildCustomOrg's default handling-behavior","             */","                options = {};","                local.buildCustomOrg(options, onError);","            };","","        local.testCase_buildLib_default = local.testCase_buildLib_default || function (","            options,","            onError","        ) {","        /*","         * this function will test buildLib's default handling-behavior","         */","            options = {};","            local.buildLib(options, onError);","        };","","        local.testCase_buildReadme_default = local.testCase_buildReadme_default || function (","            options,","            onError","        ) {","        /*","         * this function will test buildReadme's default handling-behavior-behavior","         */","            options = {};","            local.buildReadme(options, onError);","        };","","        local.testCase_buildTest_default = local.testCase_buildTest_default || function (","            options,","            onError","        ) {","        /*","         * this function will test buildTest's default handling-behavior","         */","            options = {};","            local.buildTest(options, onError);","        };","","        local.testCase_webpage_default = local.testCase_webpage_default || function (","            options,","            onError","        ) {","        /*","         * this function will test webpage's default handling-behavior","         */","            options = { modeCoverageMerge: true, url: local.serverLocalHost + '?modeTest=1' };","            local.browserTest(options, onError);","        };","","        // run test-server","        local.testRunServer(local);","        break;","    }","}());",""],"l":{"12":2,"14":2,"19":2,"21":2,"23":2,"24":2,"25":2,"30":1,"37":2,"40":2,"43":1,"47":1,"50":1,"52":1,"55":2,"61":2,"62":2,"64":2,"70":1,"76":1,"82":2,"83":2,"85":2,"91":1,"98":1,"102":1,"105":1,"112":1,"119":1,"120":1,"123":1,"130":1,"131":1,"132":1,"133":1,"134":1,"135":1,"138":1,"143":2,"144":2,"147":1,"154":2,"155":2,"158":1,"165":2,"166":2,"169":1,"176":2,"177":2,"180":1,"187":1,"188":1,"192":1,"193":1}},"/home/travis/build/npmtest/node-npmtest-react-redux-form/lib.npmtest_react_redux_form.js":{"path":"/home/travis/build/npmtest/node-npmtest-react-redux-form/lib.npmtest_react_redux_form.js","s":{"1":2,"2":2,"3":2,"4":2,"5":2,"6":2,"7":2,"8":1,"9":2,"10":2,"11":2,"12":2,"13":1,"14":1,"15":1,"16":1},"b":{"1":[2,1,1,1],"2":[1,1,1,1],"3":[1,1],"4":[2,2],"5":[1,1]},"f":{"1":2,"2":2,"3":2},"fnMap":{"1":{"name":"(anonymous_1)","line":12,"loc":{"start":{"line":12,"column":1},"end":{"line":12,"column":13}}},"2":{"name":"(anonymous_2)","line":19,"loc":{"start":{"line":19,"column":5},"end":{"line":19,"column":17}}},"3":{"name":"(anonymous_3)","line":23,"loc":{"start":{"line":23,"column":24},"end":{"line":23,"column":36}}}},"statementMap":{"1":{"start":{"line":12,"column":0},"end":{"line":53,"column":5}},"2":{"start":{"line":14,"column":4},"end":{"line":14,"column":14}},"3":{"start":{"line":19,"column":4},"end":{"line":52,"column":9}},"4":{"start":{"line":21,"column":8},"end":{"line":21,"column":19}},"5":{"start":{"line":23,"column":8},"end":{"line":35,"column":13}},"6":{"start":{"line":24,"column":12},"end":{"line":34,"column":13}},"7":{"start":{"line":25,"column":16},"end":{"line":28,"column":30}},"8":{"start":{"line":30,"column":16},"end":{"line":33,"column":27}},"9":{"start":{"line":37,"column":8},"end":{"line":39,"column":21}},"10":{"start":{"line":41,"column":8},"end":{"line":41,"column":54}},"11":{"start":{"line":43,"column":8},"end":{"line":43,"column":61}},"12":{"start":{"line":45,"column":8},"end":{"line":51,"column":9}},"13":{"start":{"line":46,"column":12},"end":{"line":46,"column":67}},"14":{"start":{"line":48,"column":12},"end":{"line":48,"column":35}},"15":{"start":{"line":49,"column":12},"end":{"line":49,"column":49}},"16":{"start":{"line":50,"column":12},"end":{"line":50,"column":43}}},"branchMap":{"1":{"line":25,"type":"binary-expr","locations":[{"start":{"line":25,"column":23},"end":{"line":25,"column":62}},{"start":{"line":26,"column":20},"end":{"line":26,"column":70}},{"start":{"line":27,"column":20},"end":{"line":27,"column":71}},{"start":{"line":28,"column":20},"end":{"line":28,"column":29}}]},"2":{"line":30,"type":"binary-expr","locations":[{"start":{"line":30,"column":23},"end":{"line":30,"column":37}},{"start":{"line":31,"column":20},"end":{"line":31,"column":61}},{"start":{"line":32,"column":20},"end":{"line":32,"column":70}},{"start":{"line":33,"column":20},"end":{"line":33,"column":26}}]},"3":{"line":37,"type":"cond-expr","locations":[{"start":{"line":38,"column":14},"end":{"line":38,"column":20}},{"start":{"line":39,"column":14},"end":{"line":39,"column":20}}]},"4":{"line":41,"type":"binary-expr","locations":[{"start":{"line":41,"column":16},"end":{"line":41,"column":44}},{"start":{"line":41,"column":48},"end":{"line":41,"column":53}}]},"5":{"line":45,"type":"if","locations":[{"start":{"line":45,"column":8},"end":{"line":45,"column":8}},{"start":{"line":45,"column":8},"end":{"line":45,"column":8}}]}},"code":["/* istanbul instrument in package npmtest_react_redux_form */","/*jslint","    bitwise: true,","    browser: true,","    maxerr: 8,","    maxlen: 96,","    node: true,","    nomen: true,","    regexp: true,","    stupid: true","*/","(function () {","    'use strict';","    var local;","","","","    // run shared js-env code - init-before","    (function () {","        // init local","        local = {};","        // init modeJs","        local.modeJs = (function () {","            try {","                return typeof navigator.userAgent === 'string' &&","                    typeof document.querySelector('body') === 'object' &&","                    typeof XMLHttpRequest.prototype.open === 'function' &&","                    'browser';","            } catch (errorCaughtBrowser) {","                return module.exports &&","                    typeof process.versions.node === 'string' &&","                    typeof require('http').createServer === 'function' &&","                    'node';","            }","        }());","        // init global","        local.global = local.modeJs === 'browser'","            ? window","            : global;","        // init utility2_rollup","        local = local.global.utility2_rollup || local;","        // init lib","        local.local = local.npmtest_react_redux_form = local;","        // init exports","        if (local.modeJs === 'browser') {","            local.global.utility2_npmtest_react_redux_form = local;","        } else {","            module.exports = local;","            module.exports.__dirname = __dirname;","            module.exports.module = module;","        }","    }());","}());",""],"l":{"12":2,"14":2,"19":2,"21":2,"23":2,"24":2,"25":2,"30":1,"37":2,"41":2,"43":2,"45":2,"46":1,"48":1,"49":1,"50":1}},"/home/travis/build/npmtest/node-npmtest-react-redux-form/example.js":{"path":"/home/travis/build/npmtest/node-npmtest-react-redux-form/example.js","s":{"1":2,"2":2,"3":2,"4":2,"5":2,"6":2,"7":2,"8":1,"9":2,"10":2,"11":2,"12":2,"13":1,"14":2,"15":2,"16":2,"17":2,"18":2,"19":0,"20":2,"21":1,"22":1,"23":1,"24":1,"25":1,"26":0,"27":0,"28":1,"29":1,"30":2,"31":0,"32":0,"33":0,"34":1,"35":2,"36":2,"37":3,"38":3,"39":3,"40":3,"41":0,"42":3,"43":3,"44":3,"45":1,"46":3,"47":1,"48":1,"49":1,"50":1,"51":1,"52":1,"53":1,"54":1,"55":1,"56":1,"57":0,"58":1,"59":6,"60":6,"61":1,"62":2,"63":0,"64":2,"65":1,"66":1,"67":0,"68":0,"69":0,"70":0,"71":0,"72":0,"73":0,"74":0,"75":0,"76":0,"77":0,"78":0,"79":0,"80":0,"81":0,"82":0,"83":0},"b":{"1":[2,1,1,1],"2":[1,1,1,1],"3":[1,1],"4":[2,2],"5":[1,1],"6":[1,1],"7":[2,0],"8":[2,1,1,1,1,1],"9":[0,2,0],"10":[1,1],"11":[2,1,1],"12":[1,0],"13":[0,2],"14":[2,0,0,0,0,0,0],"15":[0,3],"16":[3,0],"17":[1,1],"18":[0,1],"19":[1,2,0,2],"20":[1,0],"21":[1,1],"22":[0,0],"23":[0,0],"24":[0,0],"25":[0,0],"26":[0,0],"27":[0,0],"28":[0,0]},"f":{"1":2,"2":2,"3":2,"4":2,"5":2,"6":2,"7":3,"8":3,"9":3,"10":1,"11":6,"12":0},"fnMap":{"1":{"name":"(anonymous_1)","line":26,"loc":{"start":{"line":26,"column":1},"end":{"line":26,"column":13}}},"2":{"name":"(anonymous_2)","line":33,"loc":{"start":{"line":33,"column":5},"end":{"line":33,"column":17}}},"3":{"name":"(anonymous_3)","line":37,"loc":{"start":{"line":37,"column":24},"end":{"line":37,"column":36}}},"4":{"name":"(anonymous_4)","line":69,"loc":{"start":{"line":69,"column":31},"end":{"line":69,"column":48}},"skip":true},"5":{"name":"(anonymous_5)","line":78,"loc":{"start":{"line":78,"column":26},"end":{"line":78,"column":45}},"skip":true},"6":{"name":"(anonymous_6)","line":123,"loc":{"start":{"line":123,"column":33},"end":{"line":123,"column":48}},"skip":true},"7":{"name":"(anonymous_7)","line":125,"loc":{"start":{"line":125,"column":27},"end":{"line":125,"column":39}},"skip":true},"8":{"name":"(anonymous_8)","line":133,"loc":{"start":{"line":133,"column":59},"end":{"line":133,"column":74}},"skip":true},"9":{"name":"(anonymous_9)","line":143,"loc":{"start":{"line":143,"column":45},"end":{"line":143,"column":62}},"skip":true},"10":{"name":"(anonymous_10)","line":144,"loc":{"start":{"line":144,"column":73},"end":{"line":144,"column":92}},"skip":true},"11":{"name":"(anonymous_11)","line":272,"loc":{"start":{"line":272,"column":51},"end":{"line":272,"column":77}},"skip":true},"12":{"name":"(anonymous_12)","line":315,"loc":{"start":{"line":315,"column":32},"end":{"line":315,"column":61}},"skip":true}},"statementMap":{"1":{"start":{"line":26,"column":0},"end":{"line":326,"column":5}},"2":{"start":{"line":28,"column":4},"end":{"line":28,"column":14}},"3":{"start":{"line":33,"column":4},"end":{"line":60,"column":9}},"4":{"start":{"line":35,"column":8},"end":{"line":35,"column":19}},"5":{"start":{"line":37,"column":8},"end":{"line":49,"column":13}},"6":{"start":{"line":38,"column":12},"end":{"line":48,"column":13}},"7":{"start":{"line":39,"column":16},"end":{"line":42,"column":30}},"8":{"start":{"line":44,"column":16},"end":{"line":47,"column":27}},"9":{"start":{"line":51,"column":8},"end":{"line":53,"column":21}},"10":{"start":{"line":55,"column":8},"end":{"line":57,"column":45}},"11":{"start":{"line":59,"column":8},"end":{"line":59,"column":35}},"12":{"start":{"line":61,"column":4},"end":{"line":325,"column":5}},"13":{"start":{"line":69,"column":8},"end":{"line":121,"column":10},"skip":true},"14":{"start":{"line":70,"column":12},"end":{"line":88,"column":13},"skip":true},"15":{"start":{"line":76,"column":16},"end":{"line":87,"column":19},"skip":true},"16":{"start":{"line":79,"column":20},"end":{"line":86,"column":21},"skip":true},"17":{"start":{"line":82,"column":24},"end":{"line":82,"column":43},"skip":true},"18":{"start":{"line":83,"column":24},"end":{"line":83,"column":30},"skip":true},"19":{"start":{"line":85,"column":24},"end":{"line":85,"column":49},"skip":true},"20":{"start":{"line":89,"column":12},"end":{"line":107,"column":13},"skip":true},"21":{"start":{"line":92,"column":16},"end":{"line":102,"column":17},"skip":true},"22":{"start":{"line":93,"column":20},"end":{"line":93,"column":86},"skip":true},"23":{"start":{"line":94,"column":20},"end":{"line":95,"column":45},"skip":true},"24":{"start":{"line":96,"column":20},"end":{"line":96,"column":42},"skip":true},"25":{"start":{"line":97,"column":20},"end":{"line":97,"column":48},"skip":true},"26":{"start":{"line":100,"column":20},"end":{"line":100,"column":85},"skip":true},"27":{"start":{"line":101,"column":20},"end":{"line":101,"column":96},"skip":true},"28":{"start":{"line":103,"column":16},"end":{"line":103,"column":22},"skip":true},"29":{"start":{"line":106,"column":16},"end":{"line":106,"column":22},"skip":true},"30":{"start":{"line":108,"column":12},"end":{"line":120,"column":13},"skip":true},"31":{"start":{"line":114,"column":16},"end":{"line":119,"column":17},"skip":true},"32":{"start":{"line":116,"column":20},"end":{"line":116,"column":78},"skip":true},"33":{"start":{"line":118,"column":20},"end":{"line":118,"column":47},"skip":true},"34":{"start":{"line":123,"column":8},"end":{"line":141,"column":11},"skip":true},"35":{"start":{"line":124,"column":12},"end":{"line":124,"column":54},"skip":true},"36":{"start":{"line":125,"column":12},"end":{"line":140,"column":14},"skip":true},"37":{"start":{"line":126,"column":16},"end":{"line":126,"column":28},"skip":true},"38":{"start":{"line":127,"column":16},"end":{"line":127,"column":69},"skip":true},"39":{"start":{"line":128,"column":16},"end":{"line":128,"column":75},"skip":true},"40":{"start":{"line":129,"column":16},"end":{"line":131,"column":17},"skip":true},"41":{"start":{"line":130,"column":20},"end":{"line":130,"column":27},"skip":true},"42":{"start":{"line":133,"column":16},"end":{"line":137,"column":36},"skip":true},"43":{"start":{"line":134,"column":20},"end":{"line":136,"column":55},"skip":true},"44":{"start":{"line":139,"column":16},"end":{"line":139,"column":57},"skip":true},"45":{"start":{"line":143,"column":8},"end":{"line":147,"column":11},"skip":true},"46":{"start":{"line":144,"column":12},"end":{"line":146,"column":15},"skip":true},"47":{"start":{"line":145,"column":16},"end":{"line":145,"column":70},"skip":true},"48":{"start":{"line":149,"column":8},"end":{"line":149,"column":31},"skip":true},"49":{"start":{"line":150,"column":8},"end":{"line":150,"column":14},"skip":true},"50":{"start":{"line":158,"column":8},"end":{"line":158,"column":31},"skip":true},"51":{"start":{"line":160,"column":8},"end":{"line":160,"column":33},"skip":true},"52":{"start":{"line":161,"column":8},"end":{"line":161,"column":37},"skip":true},"53":{"start":{"line":162,"column":8},"end":{"line":162,"column":35},"skip":true},"54":{"start":{"line":164,"column":8},"end":{"line":164,"column":50},"skip":true},"55":{"start":{"line":166,"column":8},"end":{"line":256,"column":2},"skip":true},"56":{"start":{"line":258,"column":8},"end":{"line":286,"column":9},"skip":true},"57":{"start":{"line":259,"column":12},"end":{"line":269,"column":14},"skip":true},"58":{"start":{"line":271,"column":12},"end":{"line":285,"column":19},"skip":true},"59":{"start":{"line":274,"column":20},"end":{"line":274,"column":35},"skip":true},"60":{"start":{"line":275,"column":20},"end":{"line":284,"column":21},"skip":true},"61":{"start":{"line":277,"column":24},"end":{"line":277,"column":64},"skip":true},"62":{"start":{"line":279,"column":24},"end":{"line":279,"column":40},"skip":true},"63":{"start":{"line":281,"column":24},"end":{"line":281,"column":40},"skip":true},"64":{"start":{"line":283,"column":24},"end":{"line":283,"column":39},"skip":true},"65":{"start":{"line":288,"column":8},"end":{"line":290,"column":9},"skip":true},"66":{"start":{"line":289,"column":12},"end":{"line":289,"column":18},"skip":true},"67":{"start":{"line":291,"column":8},"end":{"line":293,"column":54},"skip":true},"68":{"start":{"line":296,"column":8},"end":{"line":301,"column":37},"skip":true},"69":{"start":{"line":303,"column":8},"end":{"line":303,"column":82},"skip":true},"70":{"start":{"line":306,"column":8},"end":{"line":308,"column":9},"skip":true},"71":{"start":{"line":307,"column":12},"end":{"line":307,"column":82},"skip":true},"72":{"start":{"line":310,"column":8},"end":{"line":312,"column":9},"skip":true},"73":{"start":{"line":311,"column":12},"end":{"line":311,"column":18},"skip":true},"74":{"start":{"line":313,"column":8},"end":{"line":313,"column":54},"skip":true},"75":{"start":{"line":314,"column":8},"end":{"line":314,"column":69},"skip":true},"76":{"start":{"line":315,"column":8},"end":{"line":323,"column":36},"skip":true},"77":{"start":{"line":316,"column":12},"end":{"line":316,"column":61},"skip":true},"78":{"start":{"line":317,"column":12},"end":{"line":320,"column":13},"skip":true},"79":{"start":{"line":318,"column":16},"end":{"line":318,"column":75},"skip":true},"80":{"start":{"line":319,"column":16},"end":{"line":319,"column":23},"skip":true},"81":{"start":{"line":321,"column":12},"end":{"line":321,"column":38},"skip":true},"82":{"start":{"line":322,"column":12},"end":{"line":322,"column":27},"skip":true},"83":{"start":{"line":324,"column":8},"end":{"line":324,"column":14},"skip":true}},"branchMap":{"1":{"line":39,"type":"binary-expr","locations":[{"start":{"line":39,"column":23},"end":{"line":39,"column":62}},{"start":{"line":40,"column":20},"end":{"line":40,"column":70}},{"start":{"line":41,"column":20},"end":{"line":41,"column":71}},{"start":{"line":42,"column":20},"end":{"line":42,"column":29}}]},"2":{"line":44,"type":"binary-expr","locations":[{"start":{"line":44,"column":23},"end":{"line":44,"column":37}},{"start":{"line":45,"column":20},"end":{"line":45,"column":61}},{"start":{"line":46,"column":20},"end":{"line":46,"column":70}},{"start":{"line":47,"column":20},"end":{"line":47,"column":26}}]},"3":{"line":51,"type":"cond-expr","locations":[{"start":{"line":52,"column":14},"end":{"line":52,"column":20}},{"start":{"line":53,"column":14},"end":{"line":53,"column":20}}]},"4":{"line":55,"type":"binary-expr","locations":[{"start":{"line":55,"column":16},"end":{"line":55,"column":44}},{"start":{"line":55,"column":49},"end":{"line":57,"column":43}}]},"5":{"line":55,"type":"cond-expr","locations":[{"start":{"line":56,"column":14},"end":{"line":56,"column":60}},{"start":{"line":57,"column":14},"end":{"line":57,"column":43}}]},"6":{"line":61,"type":"switch","locations":[{"start":{"line":68,"column":4},"end":{"line":150,"column":14},"skip":true},{"start":{"line":156,"column":4},"end":{"line":324,"column":14},"skip":true}]},"7":{"line":70,"type":"if","locations":[{"start":{"line":70,"column":12},"end":{"line":70,"column":12},"skip":true},{"start":{"line":70,"column":12},"end":{"line":70,"column":12},"skip":true}]},"8":{"line":70,"type":"binary-expr","locations":[{"start":{"line":70,"column":16},"end":{"line":70,"column":22},"skip":true},{"start":{"line":70,"column":27},"end":{"line":70,"column":32},"skip":true},{"start":{"line":71,"column":20},"end":{"line":71,"column":39},"skip":true},{"start":{"line":72,"column":20},"end":{"line":72,"column":49},"skip":true},{"start":{"line":73,"column":20},"end":{"line":73,"column":58},"skip":true},{"start":{"line":74,"column":20},"end":{"line":74,"column":69},"skip":true}]},"9":{"line":79,"type":"switch","locations":[{"start":{"line":80,"column":20},"end":{"line":80,"column":33},"skip":true},{"start":{"line":81,"column":20},"end":{"line":83,"column":30},"skip":true},{"start":{"line":84,"column":20},"end":{"line":85,"column":49},"skip":true}]},"10":{"line":89,"type":"switch","locations":[{"start":{"line":90,"column":12},"end":{"line":103,"column":22},"skip":true},{"start":{"line":105,"column":12},"end":{"line":106,"column":22},"skip":true}]},"11":{"line":89,"type":"binary-expr","locations":[{"start":{"line":89,"column":20},"end":{"line":89,"column":25},"skip":true},{"start":{"line":89,"column":29},"end":{"line":89,"column":48},"skip":true},{"start":{"line":89,"column":52},"end":{"line":89,"column":74},"skip":true}]},"12":{"line":92,"type":"if","locations":[{"start":{"line":92,"column":16},"end":{"line":92,"column":16},"skip":true},{"start":{"line":92,"column":16},"end":{"line":92,"column":16},"skip":true}]},"13":{"line":108,"type":"if","locations":[{"start":{"line":108,"column":12},"end":{"line":108,"column":12},"skip":true},{"start":{"line":108,"column":12},"end":{"line":108,"column":12},"skip":true}]},"14":{"line":108,"type":"binary-expr","locations":[{"start":{"line":108,"column":16},"end":{"line":108,"column":61},"skip":true},{"start":{"line":108,"column":66},"end":{"line":108,"column":72},"skip":true},{"start":{"line":108,"column":77},"end":{"line":108,"column":82},"skip":true},{"start":{"line":109,"column":20},"end":{"line":109,"column":39},"skip":true},{"start":{"line":110,"column":20},"end":{"line":110,"column":49},"skip":true},{"start":{"line":111,"column":20},"end":{"line":111,"column":58},"skip":true},{"start":{"line":112,"column":20},"end":{"line":112,"column":68},"skip":true}]},"15":{"line":129,"type":"if","locations":[{"start":{"line":129,"column":16},"end":{"line":129,"column":16},"skip":true},{"start":{"line":129,"column":16},"end":{"line":129,"column":16},"skip":true}]},"16":{"line":134,"type":"cond-expr","locations":[{"start":{"line":135,"column":26},"end":{"line":135,"column":29},"skip":true},{"start":{"line":136,"column":26},"end":{"line":136,"column":54},"skip":true}]},"17":{"line":164,"type":"binary-expr","locations":[{"start":{"line":164,"column":27},"end":{"line":164,"column":43},"skip":true},{"start":{"line":164,"column":47},"end":{"line":164,"column":49},"skip":true}]},"18":{"line":258,"type":"if","locations":[{"start":{"line":258,"column":8},"end":{"line":258,"column":8},"skip":true},{"start":{"line":258,"column":8},"end":{"line":258,"column":8},"skip":true}]},"19":{"line":275,"type":"switch","locations":[{"start":{"line":276,"column":20},"end":{"line":277,"column":64},"skip":true},{"start":{"line":278,"column":20},"end":{"line":279,"column":40},"skip":true},{"start":{"line":280,"column":20},"end":{"line":281,"column":40},"skip":true},{"start":{"line":282,"column":20},"end":{"line":283,"column":39},"skip":true}]},"20":{"line":288,"type":"if","locations":[{"start":{"line":288,"column":8},"end":{"line":288,"column":8},"skip":true},{"start":{"line":288,"column":8},"end":{"line":288,"column":8},"skip":true}]},"21":{"line":288,"type":"binary-expr","locations":[{"start":{"line":288,"column":12},"end":{"line":288,"column":40},"skip":true},{"start":{"line":288,"column":44},"end":{"line":288,"column":67},"skip":true}]},"22":{"line":292,"type":"binary-expr","locations":[{"start":{"line":292,"column":12},"end":{"line":292,"column":50},"skip":true},{"start":{"line":293,"column":12},"end":{"line":293,"column":53},"skip":true}]},"23":{"line":297,"type":"binary-expr","locations":[{"start":{"line":297,"column":12},"end":{"line":297,"column":74},"skip":true},{"start":{"line":298,"column":12},"end":{"line":301,"column":36},"skip":true}]},"24":{"line":303,"type":"binary-expr","locations":[{"start":{"line":303,"column":43},"end":{"line":303,"column":75},"skip":true},{"start":{"line":303,"column":79},"end":{"line":303,"column":81},"skip":true}]},"25":{"line":306,"type":"if","locations":[{"start":{"line":306,"column":8},"end":{"line":306,"column":8},"skip":true},{"start":{"line":306,"column":8},"end":{"line":306,"column":8},"skip":true}]},"26":{"line":310,"type":"if","locations":[{"start":{"line":310,"column":8},"end":{"line":310,"column":8},"skip":true},{"start":{"line":310,"column":8},"end":{"line":310,"column":8},"skip":true}]},"27":{"line":313,"type":"binary-expr","locations":[{"start":{"line":313,"column":27},"end":{"line":313,"column":43},"skip":true},{"start":{"line":313,"column":47},"end":{"line":313,"column":53},"skip":true}]},"28":{"line":317,"type":"if","locations":[{"start":{"line":317,"column":12},"end":{"line":317,"column":12},"skip":true},{"start":{"line":317,"column":12},"end":{"line":317,"column":12},"skip":true}]}},"code":["/*","example.js","","quickstart example","","instruction","    1. save this script as example.js","    2. run the shell command:","        $ npm install npmtest-react-redux-form && PORT=8081 node example.js","    3. play with the browser-demo on http://127.0.0.1:8081","*/","","","","/* istanbul instrument in package npmtest_react_redux_form */","/*jslint","    bitwise: true,","    browser: true,","    maxerr: 8,","    maxlen: 96,","    node: true,","    nomen: true,","    regexp: true,","    stupid: true","*/","(function () {","    'use strict';","    var local;","","","","    // run shared js-env code - init-before","    (function () {","        // init local","        local = {};","        // init modeJs","        local.modeJs = (function () {","            try {","                return typeof navigator.userAgent === 'string' &&","                    typeof document.querySelector('body') === 'object' &&","                    typeof XMLHttpRequest.prototype.open === 'function' &&","                    'browser';","            } catch (errorCaughtBrowser) {","                return module.exports &&","                    typeof process.versions.node === 'string' &&","                    typeof require('http').createServer === 'function' &&","                    'node';","            }","        }());","        // init global","        local.global = local.modeJs === 'browser'","            ? window","            : global;","        // init utility2_rollup","        local = local.global.utility2_rollup || (local.modeJs === 'browser'","            ? local.global.utility2_npmtest_react_redux_form","            : global.utility2_moduleExports);","        // export local","        local.global.local = local;","    }());","    switch (local.modeJs) {","","","","    // init-after","    // run browser js-env code - init-after","    /* istanbul ignore next */","    case 'browser':","        local.testRunBrowser = function (event) {","            if (!event || (event &&","                    event.currentTarget &&","                    event.currentTarget.className &&","                    event.currentTarget.className.includes &&","                    event.currentTarget.className.includes('onreset'))) {","                // reset output","                Array.from(","                    document.querySelectorAll('body > .resettable')","                ).forEach(function (element) {","                    switch (element.tagName) {","                    case 'INPUT':","                    case 'TEXTAREA':","                        element.value = '';","                        break;","                    default:","                        element.textContent = '';","                    }","                });","            }","            switch (event && event.currentTarget && event.currentTarget.id) {","            case 'testRunButton1':","                // show tests","                if (document.querySelector('#testReportDiv1').style.display === 'none') {","                    document.querySelector('#testReportDiv1').style.display = 'block';","                    document.querySelector('#testRunButton1').textContent =","                        'hide internal test';","                    local.modeTest = true;","                    local.testRunDefault(local);","                // hide tests","                } else {","                    document.querySelector('#testReportDiv1').style.display = 'none';","                    document.querySelector('#testRunButton1').textContent = 'run internal test';","                }","                break;","            // custom-case","            default:","                break;","            }","            if (document.querySelector('#inputTextareaEval1') && (!event || (event &&","                    event.currentTarget &&","                    event.currentTarget.className &&","                    event.currentTarget.className.includes &&","                    event.currentTarget.className.includes('oneval')))) {","                // try to eval input-code","                try {","                    /*jslint evil: true*/","                    eval(document.querySelector('#inputTextareaEval1').value);","                } catch (errorCaught) {","                    console.error(errorCaught);","                }","            }","        };","        // log stderr and stdout to #outputTextareaStdout1","        ['error', 'log'].forEach(function (key) {","            console[key + '_original'] = console[key];","            console[key] = function () {","                var element;","                console[key + '_original'].apply(console, arguments);","                element = document.querySelector('#outputTextareaStdout1');","                if (!element) {","                    return;","                }","                // append text to #outputTextareaStdout1","                element.value += Array.from(arguments).map(function (arg) {","                    return typeof arg === 'string'","                        ? arg","                        : JSON.stringify(arg, null, 4);","                }).join(' ') + '\\n';","                // scroll textarea to bottom","                element.scrollTop = element.scrollHeight;","            };","        });","        // init event-handling","        ['change', 'click', 'keyup'].forEach(function (event) {","            Array.from(document.querySelectorAll('.on' + event)).forEach(function (element) {","                element.addEventListener(event, local.testRunBrowser);","            });","        });","        // run tests","        local.testRunBrowser();","        break;","","","","    // run node js-env code - init-after","    /* istanbul ignore next */","    case 'node':","        // export local","        module.exports = local;","        // require modules","        local.fs = require('fs');","        local.http = require('http');","        local.url = require('url');","        // init assets","        local.assetsDict = local.assetsDict || {};","        /* jslint-ignore-begin */","        local.assetsDict['/assets.index.template.html'] = '\\","<!doctype html>\\n\\","<html lang=\"en\">\\n\\","<head>\\n\\","<meta charset=\"UTF-8\">\\n\\","<meta name=\"viewport\" content=\"width=device-width, initial-scale=1\">\\n\\","<title>{{env.npm_package_name}} (v{{env.npm_package_version}})</title>\\n\\","<style>\\n\\","/*csslint\\n\\","    box-sizing: false,\\n\\","    universal-selector: false\\n\\","*/\\n\\","* {\\n\\","    box-sizing: border-box;\\n\\","}\\n\\","body {\\n\\","    background: #dde;\\n\\","    font-family: Arial, Helvetica, sans-serif;\\n\\","    margin: 2rem;\\n\\","}\\n\\","body > * {\\n\\","    margin-bottom: 1rem;\\n\\","}\\n\\",".utility2FooterDiv {\\n\\","    margin-top: 20px;\\n\\","    text-align: center;\\n\\","}\\n\\","</style>\\n\\","<style>\\n\\","/*csslint\\n\\","*/\\n\\","textarea {\\n\\","    font-family: monospace;\\n\\","    height: 10rem;\\n\\","    width: 100%;\\n\\","}\\n\\","textarea[readonly] {\\n\\","    background: #ddd;\\n\\","}\\n\\","</style>\\n\\","</head>\\n\\","<body>\\n\\","<!-- utility2-comment\\n\\","<div id=\"ajaxProgressDiv1\" style=\"background: #d00; height: 2px; left: 0; margin: 0; padding: 0; position: fixed; top: 0; transition: background 0.5s, width 1.5s; width: 25%;\"></div>\\n\\","utility2-comment -->\\n\\","<h1>\\n\\","<!-- utility2-comment\\n\\","    <a\\n\\","        {{#if env.npm_package_homepage}}\\n\\","        href=\"{{env.npm_package_homepage}}\"\\n\\","        {{/if env.npm_package_homepage}}\\n\\","        target=\"_blank\"\\n\\","    >\\n\\","utility2-comment -->\\n\\","        {{env.npm_package_name}} (v{{env.npm_package_version}})\\n\\","<!-- utility2-comment\\n\\","    </a>\\n\\","utility2-comment -->\\n\\","</h1>\\n\\","<h3>{{env.npm_package_description}}</h3>\\n\\","<!-- utility2-comment\\n\\","<h4><a download href=\"assets.app.js\">download standalone app</a></h4>\\n\\","<button class=\"onclick onreset\" id=\"testRunButton1\">run internal test</button><br>\\n\\","<div id=\"testReportDiv1\" style=\"display: none;\"></div>\\n\\","utility2-comment -->\\n\\","\\n\\","\\n\\","\\n\\","<label>stderr and stdout</label>\\n\\","<textarea class=\"resettable\" id=\"outputTextareaStdout1\" readonly></textarea>\\n\\","<!-- utility2-comment\\n\\","{{#if isRollup}}\\n\\","<script src=\"assets.app.js\"></script>\\n\\","{{#unless isRollup}}\\n\\","utility2-comment -->\\n\\","<script src=\"assets.utility2.rollup.js\"></script>\\n\\","<script src=\"jsonp.utility2._stateInit?callback=window.utility2._stateInit\"></script>\\n\\","<script src=\"assets.npmtest_react_redux_form.rollup.js\"></script>\\n\\","<script src=\"assets.example.js\"></script>\\n\\","<script src=\"assets.test.js\"></script>\\n\\","<!-- utility2-comment\\n\\","{{/if isRollup}}\\n\\","utility2-comment -->\\n\\","<div class=\"utility2FooterDiv\">\\n\\","    [ this app was created with\\n\\","    <a href=\"https://github.com/kaizhu256/node-utility2\" target=\"_blank\">utility2</a>\\n\\","    ]\\n\\","</div>\\n\\","</body>\\n\\","</html>\\n\\","';","        /* jslint-ignore-end */","        if (local.templateRender) {","            local.assetsDict['/'] = local.templateRender(","                local.assetsDict['/assets.index.template.html'],","                {","                    env: local.objectSetDefault(local.env, {","                        npm_package_description: 'the greatest app in the world!',","                        npm_package_name: 'my-app',","                        npm_package_nameAlias: 'my_app',","                        npm_package_version: '0.0.1'","                    })","                }","            );","        } else {","            local.assetsDict['/'] = local.assetsDict['/assets.index.template.html']","                .replace((/\\{\\{env\\.(\\w+?)\\}\\}/g), function (match0, match1) {","                    // jslint-hack","                    String(match0);","                    switch (match1) {","                    case 'npm_package_description':","                        return 'the greatest app in the world!';","                    case 'npm_package_name':","                        return 'my-app';","                    case 'npm_package_nameAlias':","                        return 'my_app';","                    case 'npm_package_version':","                        return '0.0.1';","                    }","                });","        }","        // run the cli","        if (local.global.utility2_rollup || module !== require.main) {","            break;","        }","        local.assetsDict['/assets.example.js'] =","            local.assetsDict['/assets.example.js'] ||","            local.fs.readFileSync(__filename, 'utf8');","        // bug-workaround - long $npm_package_buildCustomOrg","        /* jslint-ignore-begin */","        local.assetsDict['/assets.npmtest_react_redux_form.rollup.js'] =","            local.assetsDict['/assets.npmtest_react_redux_form.rollup.js'] ||","            local.fs.readFileSync(","                local.npmtest_react_redux_form.__dirname + '/lib.npmtest_react_redux_form.js',","                'utf8'","            ).replace((/^#!/), '//');","        /* jslint-ignore-end */","        local.assetsDict['/favicon.ico'] = local.assetsDict['/favicon.ico'] || '';","        // if $npm_config_timeout_exit exists,","        // then exit this process after $npm_config_timeout_exit ms","        if (Number(process.env.npm_config_timeout_exit)) {","            setTimeout(process.exit, Number(process.env.npm_config_timeout_exit));","        }","        // start server","        if (local.global.utility2_serverHttp1) {","            break;","        }","        process.env.PORT = process.env.PORT || '8081';","        console.error('server starting on port ' + process.env.PORT);","        local.http.createServer(function (request, response) {","            request.urlParsed = local.url.parse(request.url);","            if (local.assetsDict[request.urlParsed.pathname] !== undefined) {","                response.end(local.assetsDict[request.urlParsed.pathname]);","                return;","            }","            response.statusCode = 404;","            response.end();","        }).listen(process.env.PORT);","        break;","    }","}());",""],"l":{"26":2,"28":2,"33":2,"35":2,"37":2,"38":2,"39":2,"44":1,"51":2,"55":2,"59":2,"61":2,"69":1,"70":2,"76":2,"79":2,"82":2,"83":2,"85":1,"89":2,"92":1,"93":1,"94":1,"96":1,"97":1,"100":1,"101":1,"103":1,"106":1,"108":2,"114":1,"116":1,"118":1,"123":1,"124":2,"125":2,"126":3,"127":3,"128":3,"129":3,"130":1,"133":3,"134":3,"139":3,"143":1,"144":3,"145":1,"149":1,"150":1,"158":1,"160":1,"161":1,"162":1,"164":1,"166":1,"258":1,"259":1,"271":1,"274":6,"275":6,"277":1,"279":2,"281":1,"283":2,"288":1,"289":1,"291":1,"296":1,"303":1,"306":1,"307":1,"310":1,"311":1,"313":1,"314":1,"315":1,"316":1,"317":1,"318":1,"319":1,"321":1,"322":1,"324":1}},"/home/travis/build/npmtest/node-npmtest-react-redux-form/node_modules/react-redux-form/lib/index.js":{"path":"/home/travis/build/npmtest/node-npmtest-react-redux-form/node_modules/react-redux-form/lib/index.js","s":{"1":1,"2":1,"3":1,"4":1,"5":1,"6":1,"7":1,"8":1,"9":1,"10":1,"11":1,"12":1,"13":1,"14":1,"15":1,"16":1,"17":1,"18":1,"19":1,"20":1,"21":1,"22":1,"23":1,"24":1,"25":1,"26":1,"27":1,"28":1,"29":1,"30":1,"31":1,"32":1,"33":1,"34":1,"35":1,"36":1,"37":1,"38":1,"39":1,"40":1,"41":1,"42":19,"43":1,"44":1,"45":1,"46":1,"47":1,"48":1,"49":1,"50":1,"51":1,"52":1,"53":1,"54":1,"55":1,"56":1,"57":1,"58":1,"59":1,"60":1,"61":1,"62":1,"63":1},"b":{"1":[19,0],"2":[19,19]},"f":{"1":19},"fnMap":{"1":{"name":"_interopRequireDefault","line":84,"loc":{"start":{"line":84,"column":0},"end":{"line":84,"column":37}}}},"statementMap":{"1":{"start":{"line":3,"column":0},"end":{"line":5,"column":3}},"2":{"start":{"line":6,"column":0},"end":{"line":6,"column":424}},"3":{"start":{"line":8,"column":0},"end":{"line":8,"column":36}},"4":{"start":{"line":10,"column":0},"end":{"line":10,"column":49}},"5":{"start":{"line":12,"column":0},"end":{"line":12,"column":45}},"6":{"start":{"line":14,"column":0},"end":{"line":14,"column":57}},"7":{"start":{"line":16,"column":0},"end":{"line":16,"column":62}},"8":{"start":{"line":18,"column":0},"end":{"line":18,"column":63}},"9":{"start":{"line":20,"column":0},"end":{"line":20,"column":68}},"10":{"start":{"line":22,"column":0},"end":{"line":22,"column":69}},"11":{"start":{"line":24,"column":0},"end":{"line":24,"column":66}},"12":{"start":{"line":26,"column":0},"end":{"line":26,"column":67}},"13":{"start":{"line":28,"column":0},"end":{"line":28,"column":60}},"14":{"start":{"line":30,"column":0},"end":{"line":30,"column":61}},"15":{"start":{"line":32,"column":0},"end":{"line":32,"column":71}},"16":{"start":{"line":34,"column":0},"end":{"line":34,"column":71}},"17":{"start":{"line":36,"column":0},"end":{"line":36,"column":64}},"18":{"start":{"line":38,"column":0},"end":{"line":38,"column":65}},"19":{"start":{"line":40,"column":0},"end":{"line":40,"column":64}},"20":{"start":{"line":42,"column":0},"end":{"line":42,"column":65}},"21":{"start":{"line":44,"column":0},"end":{"line":44,"column":63}},"22":{"start":{"line":46,"column":0},"end":{"line":46,"column":65}},"23":{"start":{"line":48,"column":0},"end":{"line":48,"column":63}},"24":{"start":{"line":50,"column":0},"end":{"line":50,"column":65}},"25":{"start":{"line":52,"column":0},"end":{"line":52,"column":54}},"26":{"start":{"line":54,"column":0},"end":{"line":54,"column":57}},"27":{"start":{"line":56,"column":0},"end":{"line":56,"column":68}},"28":{"start":{"line":58,"column":0},"end":{"line":58,"column":69}},"29":{"start":{"line":60,"column":0},"end":{"line":60,"column":56}},"30":{"start":{"line":62,"column":0},"end":{"line":62,"column":59}},"31":{"start":{"line":64,"column":0},"end":{"line":64,"column":56}},"32":{"start":{"line":66,"column":0},"end":{"line":66,"column":59}},"33":{"start":{"line":68,"column":0},"end":{"line":68,"column":38}},"34":{"start":{"line":70,"column":0},"end":{"line":70,"column":45}},"35":{"start":{"line":72,"column":0},"end":{"line":72,"column":65}},"36":{"start":{"line":74,"column":0},"end":{"line":74,"column":69}},"37":{"start":{"line":76,"column":0},"end":{"line":76,"column":34}},"38":{"start":{"line":78,"column":0},"end":{"line":78,"column":41}},"39":{"start":{"line":80,"column":0},"end":{"line":80,"column":30}},"40":{"start":{"line":82,"column":0},"end":{"line":82,"column":43}},"41":{"start":{"line":84,"column":0},"end":{"line":84,"column":95}},"42":{"start":{"line":84,"column":39},"end":{"line":84,"column":93}},"43":{"start":{"line":86,"column":0},"end":{"line":86,"column":44}},"44":{"start":{"line":87,"column":0},"end":{"line":87,"column":46}},"45":{"start":{"line":88,"column":0},"end":{"line":88,"column":46}},"46":{"start":{"line":89,"column":0},"end":{"line":89,"column":48}},"47":{"start":{"line":90,"column":0},"end":{"line":90,"column":56}},"48":{"start":{"line":91,"column":0},"end":{"line":91,"column":36}},"49":{"start":{"line":92,"column":0},"end":{"line":92,"column":44}},"50":{"start":{"line":93,"column":0},"end":{"line":93,"column":45}},"51":{"start":{"line":94,"column":0},"end":{"line":94,"column":41}},"52":{"start":{"line":95,"column":0},"end":{"line":95,"column":45}},"53":{"start":{"line":96,"column":0},"end":{"line":96,"column":39}},"54":{"start":{"line":97,"column":0},"end":{"line":97,"column":49}},"55":{"start":{"line":98,"column":0},"end":{"line":98,"column":43}},"56":{"start":{"line":99,"column":0},"end":{"line":99,"column":47}},"57":{"start":{"line":100,"column":0},"end":{"line":100,"column":60}},"58":{"start":{"line":101,"column":0},"end":{"line":101,"column":44}},"59":{"start":{"line":102,"column":0},"end":{"line":102,"column":44}},"60":{"start":{"line":103,"column":0},"end":{"line":103,"column":30}},"61":{"start":{"line":104,"column":0},"end":{"line":104,"column":47}},"62":{"start":{"line":105,"column":0},"end":{"line":105,"column":33}},"63":{"start":{"line":106,"column":0},"end":{"line":106,"column":32}}},"branchMap":{"1":{"line":84,"type":"cond-expr","locations":[{"start":{"line":84,"column":70},"end":{"line":84,"column":73}},{"start":{"line":84,"column":76},"end":{"line":84,"column":92}}]},"2":{"line":84,"type":"binary-expr","locations":[{"start":{"line":84,"column":46},"end":{"line":84,"column":49}},{"start":{"line":84,"column":53},"end":{"line":84,"column":67}}]}},"code":["'use strict';","","Object.defineProperty(exports, \"__esModule\", {","  value: true","});","exports.track = exports.getModel = exports.getField = exports.form = exports.batched = exports.modeled = exports.createFieldClass = exports.Fieldset = exports.Errors = exports.LocalForm = exports.Form = exports.Control = exports.Field = exports.controls = exports.actionTypes = exports.actions = exports.initialFieldState = exports.createForms = exports.combineForms = exports.modelReducer = exports.formReducer = undefined;","","var _actions = require('./actions');","","var _actions2 = _interopRequireDefault(_actions);","","var _actionTypes = require('./action-types');","","var _actionTypes2 = _interopRequireDefault(_actionTypes);","","var _fieldComponent = require('./components/field-component');","","var _fieldComponent2 = _interopRequireDefault(_fieldComponent);","","var _fieldsetComponent = require('./components/fieldset-component');","","var _fieldsetComponent2 = _interopRequireDefault(_fieldsetComponent);","","var _controlComponent = require('./components/control-component');","","var _controlComponent2 = _interopRequireDefault(_controlComponent);","","var _formComponent = require('./components/form-component');","","var _formComponent2 = _interopRequireDefault(_formComponent);","","var _localFormComponent = require('./components/local-form-component');","","var _localFormComponent2 = _interopRequireDefault(_localFormComponent);","","var _errorsComponent = require('./components/errors-component');","","var _errorsComponent2 = _interopRequireDefault(_errorsComponent);","","var _controlPropsMap = require('./constants/control-props-map');","","var _controlPropsMap2 = _interopRequireDefault(_controlPropsMap);","","var _modeledEnhancer = require('./enhancers/modeled-enhancer');","","var _modeledEnhancer2 = _interopRequireDefault(_modeledEnhancer);","","var _batchedEnhancer = require('./enhancers/batched-enhancer');","","var _batchedEnhancer2 = _interopRequireDefault(_batchedEnhancer);","","var _formReducer = require('./reducers/form-reducer');","","var _formReducer2 = _interopRequireDefault(_formReducer);","","var _initialFieldState = require('./constants/initial-field-state');","","var _initialFieldState2 = _interopRequireDefault(_initialFieldState);","","var _formsReducer = require('./reducers/forms-reducer');","","var _formsReducer2 = _interopRequireDefault(_formsReducer);","","var _modelReducer = require('./reducers/model-reducer');","","var _modelReducer2 = _interopRequireDefault(_modelReducer);","","var _track = require('./utils/track');","","var _track2 = _interopRequireDefault(_track);","","var _getFieldFromState = require('./utils/get-field-from-state');","","var _getFieldFromState2 = _interopRequireDefault(_getFieldFromState);","","var _get = require('./utils/get');","","var _get2 = _interopRequireDefault(_get);","","var _form = require('./form');","","var _form2 = _interopRequireDefault(_form);","","function _interopRequireDefault(obj) { return obj && obj.__esModule ? obj : { default: obj }; }","","exports.formReducer = _formReducer2.default;","exports.modelReducer = _modelReducer2.default;","exports.combineForms = _formsReducer2.default;","exports.createForms = _formsReducer.createForms;","exports.initialFieldState = _initialFieldState2.default;","exports.actions = _actions2.default;","exports.actionTypes = _actionTypes2.default;","exports.controls = _controlPropsMap2.default;","exports.Field = _fieldComponent2.default;","exports.Control = _controlComponent2.default;","exports.Form = _formComponent2.default;","exports.LocalForm = _localFormComponent2.default;","exports.Errors = _errorsComponent2.default;","exports.Fieldset = _fieldsetComponent2.default;","exports.createFieldClass = _fieldComponent.createFieldClass;","exports.modeled = _modeledEnhancer2.default;","exports.batched = _batchedEnhancer2.default;","exports.form = _form2.default;","exports.getField = _getFieldFromState2.default;","exports.getModel = _get2.default;","exports.track = _track2.default;"],"l":{"3":1,"6":1,"8":1,"10":1,"12":1,"14":1,"16":1,"18":1,"20":1,"22":1,"24":1,"26":1,"28":1,"30":1,"32":1,"34":1,"36":1,"38":1,"40":1,"42":1,"44":1,"46":1,"48":1,"50":1,"52":1,"54":1,"56":1,"58":1,"60":1,"62":1,"64":1,"66":1,"68":1,"70":1,"72":1,"74":1,"76":1,"78":1,"80":1,"82":1,"84":19,"86":1,"87":1,"88":1,"89":1,"90":1,"91":1,"92":1,"93":1,"94":1,"95":1,"96":1,"97":1,"98":1,"99":1,"100":1,"101":1,"102":1,"103":1,"104":1,"105":1,"106":1}},"/home/travis/build/npmtest/node-npmtest-react-redux-form/node_modules/react-redux-form/lib/actions/index.js":{"path":"/home/travis/build/npmtest/node-npmtest-react-redux-form/node_modules/react-redux-form/lib/actions/index.js","s":{"1":1,"2":1,"3":0,"4":0,"5":0,"6":0,"7":0,"8":0,"9":1,"10":1,"11":1,"12":1,"13":1,"14":1,"15":1,"16":3,"17":1,"18":1},"b":{"1":[1,0],"2":[0,0],"3":[3,0],"4":[3,3]},"f":{"1":0,"2":3},"fnMap":{"1":{"name":"(anonymous_1)","line":7,"loc":{"start":{"line":7,"column":32},"end":{"line":7,"column":50}}},"2":{"name":"_interopRequireDefault","line":21,"loc":{"start":{"line":21,"column":0},"end":{"line":21,"column":37}}}},"statementMap":{"1":{"start":{"line":3,"column":0},"end":{"line":5,"column":3}},"2":{"start":{"line":7,"column":0},"end":{"line":7,"column":257}},"3":{"start":{"line":7,"column":52},"end":{"line":7,"column":239}},"4":{"start":{"line":7,"column":97},"end":{"line":7,"column":123}},"5":{"start":{"line":7,"column":124},"end":{"line":7,"column":237}},"6":{"start":{"line":7,"column":150},"end":{"line":7,"column":235}},"7":{"start":{"line":7,"column":207},"end":{"line":7,"column":233}},"8":{"start":{"line":7,"column":240},"end":{"line":7,"column":254}},"9":{"start":{"line":9,"column":0},"end":{"line":9,"column":47}},"10":{"start":{"line":11,"column":0},"end":{"line":11,"column":59}},"11":{"start":{"line":13,"column":0},"end":{"line":13,"column":47}},"12":{"start":{"line":15,"column":0},"end":{"line":15,"column":59}},"13":{"start":{"line":17,"column":0},"end":{"line":17,"column":47}},"14":{"start":{"line":19,"column":0},"end":{"line":19,"column":59}},"15":{"start":{"line":21,"column":0},"end":{"line":21,"column":95}},"16":{"start":{"line":21,"column":39},"end":{"line":21,"column":93}},"17":{"start":{"line":23,"column":0},"end":{"line":25,"column":3}},"18":{"start":{"line":27,"column":0},"end":{"line":27,"column":26}}},"branchMap":{"1":{"line":7,"type":"binary-expr","locations":[{"start":{"line":7,"column":15},"end":{"line":7,"column":28}},{"start":{"line":7,"column":32},"end":{"line":7,"column":256}}]},"2":{"line":7,"type":"if","locations":[{"start":{"line":7,"column":150},"end":{"line":7,"column":150}},{"start":{"line":7,"column":150},"end":{"line":7,"column":150}}]},"3":{"line":21,"type":"cond-expr","locations":[{"start":{"line":21,"column":70},"end":{"line":21,"column":73}},{"start":{"line":21,"column":76},"end":{"line":21,"column":92}}]},"4":{"line":21,"type":"binary-expr","locations":[{"start":{"line":21,"column":46},"end":{"line":21,"column":49}},{"start":{"line":21,"column":53},"end":{"line":21,"column":67}}]}},"code":["'use strict';","","Object.defineProperty(exports, \"__esModule\", {","  value: true","});","","var _extends = Object.assign || function (target) { for (var i = 1; i < arguments.length; i++) { var source = arguments[i]; for (var key in source) { if (Object.prototype.hasOwnProperty.call(source, key)) { target[key] = source[key]; } } } return target; };","","var _fieldActions = require('./field-actions');","","var _fieldActions2 = _interopRequireDefault(_fieldActions);","","var _modelActions = require('./model-actions');","","var _modelActions2 = _interopRequireDefault(_modelActions);","","var _batchActions = require('./batch-actions');","","var _batchActions2 = _interopRequireDefault(_batchActions);","","function _interopRequireDefault(obj) { return obj && obj.__esModule ? obj : { default: obj }; }","","var actions = _extends({}, _fieldActions2.default, _modelActions2.default, {","  batch: _batchActions2.default","});","","exports.default = actions;"],"l":{"3":1,"7":1,"9":1,"11":1,"13":1,"15":1,"17":1,"19":1,"21":3,"23":1,"27":1}},"/home/travis/build/npmtest/node-npmtest-react-redux-form/node_modules/react-redux-form/lib/actions/field-actions.js":{"path":"/home/travis/build/npmtest/node-npmtest-react-redux-form/node_modules/react-redux-form/lib/actions/field-actions.js","s":{"1":1,"2":1,"3":1,"4":0,"5":0,"6":0,"7":0,"8":0,"9":0,"10":1,"11":1,"12":1,"13":1,"14":1,"15":1,"16":1,"17":1,"18":1,"19":1,"20":1,"21":1,"22":1,"23":1,"24":1,"25":1,"26":1,"27":1,"28":1,"29":1,"30":1,"31":1,"32":1,"33":1,"34":1,"35":1,"36":12,"37":1,"38":0,"39":0,"40":0,"41":0,"42":1,"43":1,"44":1,"45":1,"46":0,"47":1,"48":0,"49":0,"50":1,"51":0,"52":0,"53":1,"54":0,"55":1,"56":0,"57":1,"58":0,"59":1,"60":0,"61":1,"62":0,"63":1,"64":0,"65":0,"66":0,"67":1,"68":0,"69":0,"70":1,"71":0,"72":0,"73":1,"74":0,"75":0,"76":1,"77":0,"78":0,"79":1,"80":0,"81":0,"82":1,"83":0,"84":1,"85":1,"86":0,"87":1,"88":0,"89":1,"90":0,"91":0,"92":0,"93":0,"94":0,"95":0,"96":0,"97":0,"98":0,"99":1,"100":0,"101":0,"102":1,"103":0,"104":0,"105":1,"106":0,"107":0,"108":0,"109":1,"110":0,"111":0,"112":0,"113":0,"114":0,"115":0,"116":0,"117":0,"118":0,"119":0,"120":0,"121":0,"122":0,"123":0,"124":0,"125":0,"126":0,"127":0,"128":0,"129":0,"130":0,"131":0,"132":0,"133":0,"134":0,"135":1,"136":0,"137":0,"138":1,"139":0,"140":0,"141":1,"142":0,"143":0,"144":0,"145":0,"146":1,"147":0,"148":0,"149":0,"150":0,"151":1,"152":0,"153":0,"154":0,"155":0,"156":0,"157":0,"158":0,"159":0,"160":0,"161":1,"162":0,"163":0,"164":1,"165":1,"166":1},"b":{"1":[1,0],"2":[0,0],"3":[11,1],"4":[12,12],"5":[0,0],"6":[0,1],"7":[1,0],"8":[0,0],"9":[0,0],"10":[0,0],"11":[0,0],"12":[0,0],"13":[0,0],"14":[0,0],"15":[0,0],"16":[0,0],"17":[0,0],"18":[0,0],"19":[0,0],"20":[0,0],"21":[0,0],"22":[0,0],"23":[0,0],"24":[0,0],"25":[0,0],"26":[0,0],"27":[0,0],"28":[0,0],"29":[0,0],"30":[0,0],"31":[0,0],"32":[0,0],"33":[0,0],"34":[0,0],"35":[0,0],"36":[0,0],"37":[0,0],"38":[0,0],"39":[0,0],"40":[0,0],"41":[0,0],"42":[0,0],"43":[0,0],"44":[0,0],"45":[0,0],"46":[0,0],"47":[0,0],"48":[0,0],"49":[0,0],"50":[0,0],"51":[0,0],"52":[0,0],"53":[0,0],"54":[0,0],"55":[0,0],"56":[0,0],"57":[0,0]},"f":{"1":0,"2":12,"3":0,"4":1,"5":0,"6":0,"7":0,"8":0,"9":0,"10":0,"11":0,"12":0,"13":0,"14":0,"15":0,"16":0,"17":0,"18":0,"19":0,"20":0,"21":0,"22":0,"23":0,"24":0,"25":0,"26":0,"27":0,"28":0,"29":0,"30":0,"31":0,"32":0,"33":0,"34":0,"35":0,"36":0,"37":0,"38":0,"39":0,"40":0,"41":0},"fnMap":{"1":{"name":"(anonymous_1)","line":8,"loc":{"start":{"line":8,"column":32},"end":{"line":8,"column":50}}},"2":{"name":"_interopRequireDefault","line":60,"loc":{"start":{"line":60,"column":0},"end":{"line":60,"column":37}}},"3":{"name":"_defineProperty","line":62,"loc":{"start":{"line":62,"column":0},"end":{"line":62,"column":42}}},"4":{"name":"createFieldActions","line":70,"loc":{"start":{"line":70,"column":0},"end":{"line":70,"column":30}}},"5":{"name":"addIntent","line":73,"loc":{"start":{"line":73,"column":18},"end":{"line":73,"column":52}}},"6":{"name":"clearIntents","line":81,"loc":{"start":{"line":81,"column":21},"end":{"line":81,"column":59}}},"7":{"name":"focus","line":91,"loc":{"start":{"line":91,"column":14},"end":{"line":91,"column":43}}},"8":{"name":"silentFocus","line":100,"loc":{"start":{"line":100,"column":20},"end":{"line":100,"column":55}}},"9":{"name":"blur","line":106,"loc":{"start":{"line":106,"column":13},"end":{"line":106,"column":34}}},"10":{"name":"setPristine","line":113,"loc":{"start":{"line":113,"column":20},"end":{"line":113,"column":48}}},"11":{"name":"setDirty","line":120,"loc":{"start":{"line":120,"column":17},"end":{"line":120,"column":42}}},"12":{"name":"setInitial","line":127,"loc":{"start":{"line":127,"column":19},"end":{"line":127,"column":46}}},"13":{"name":"setPending","line":134,"loc":{"start":{"line":134,"column":19},"end":{"line":134,"column":46}}},"14":{"name":"setValidating","line":144,"loc":{"start":{"line":144,"column":22},"end":{"line":144,"column":52}}},"15":{"name":"setValidity","line":153,"loc":{"start":{"line":153,"column":20},"end":{"line":153,"column":58}}},"16":{"name":"resetValidity","line":161,"loc":{"start":{"line":161,"column":22},"end":{"line":161,"column":52}}},"17":{"name":"setFieldsValidity","line":170,"loc":{"start":{"line":170,"column":26},"end":{"line":170,"column":76}}},"18":{"name":"setErrors","line":180,"loc":{"start":{"line":180,"column":18},"end":{"line":180,"column":52}}},"19":{"name":"setFieldsErrors","line":187,"loc":{"start":{"line":187,"column":24},"end":{"line":187,"column":79}}},"20":{"name":"setTouched","line":195,"loc":{"start":{"line":195,"column":19},"end":{"line":195,"column":46}}},"21":{"name":"setUntouched","line":202,"loc":{"start":{"line":202,"column":21},"end":{"line":202,"column":50}}},"22":{"name":"asyncSetValidity","line":209,"loc":{"start":{"line":209,"column":25},"end":{"line":209,"column":69}}},"23":{"name":"(anonymous_23)","line":211,"loc":{"start":{"line":211,"column":11},"end":{"line":211,"column":41}}},"24":{"name":"done","line":216,"loc":{"start":{"line":216,"column":17},"end":{"line":216,"column":41}}},"25":{"name":"asyncSetErrors","line":230,"loc":{"start":{"line":230,"column":23},"end":{"line":230,"column":65}}},"26":{"name":"setSubmitted","line":237,"loc":{"start":{"line":237,"column":21},"end":{"line":237,"column":50}}},"27":{"name":"setSubmitFailed","line":246,"loc":{"start":{"line":246,"column":24},"end":{"line":246,"column":56}}},"28":{"name":"submit","line":256,"loc":{"start":{"line":256,"column":15},"end":{"line":256,"column":47}}},"29":{"name":"(anonymous_29)","line":263,"loc":{"start":{"line":263,"column":11},"end":{"line":263,"column":41}}},"30":{"name":"(anonymous_30)","line":292,"loc":{"start":{"line":292,"column":19},"end":{"line":292,"column":39}}},"31":{"name":"(anonymous_31)","line":294,"loc":{"start":{"line":294,"column":15},"end":{"line":294,"column":32}}},"32":{"name":"submitFields","line":302,"loc":{"start":{"line":302,"column":21},"end":{"line":302,"column":59}}},"33":{"name":"validSubmit","line":309,"loc":{"start":{"line":309,"column":20},"end":{"line":309,"column":57}}},"34":{"name":"validate","line":316,"loc":{"start":{"line":316,"column":17},"end":{"line":316,"column":54}}},"35":{"name":"(anonymous_35)","line":317,"loc":{"start":{"line":317,"column":11},"end":{"line":317,"column":41}}},"36":{"name":"validateErrors","line":325,"loc":{"start":{"line":325,"column":23},"end":{"line":325,"column":71}}},"37":{"name":"(anonymous_37)","line":326,"loc":{"start":{"line":326,"column":11},"end":{"line":326,"column":41}}},"38":{"name":"validateFields","line":334,"loc":{"start":{"line":334,"column":23},"end":{"line":334,"column":71}}},"39":{"name":"(anonymous_39)","line":336,"loc":{"start":{"line":336,"column":11},"end":{"line":336,"column":41}}},"40":{"name":"(anonymous_40)","line":339,"loc":{"start":{"line":339,"column":69},"end":{"line":339,"column":97}}},"41":{"name":"validateFieldsErrors","line":353,"loc":{"start":{"line":353,"column":29},"end":{"line":353,"column":89}}}},"statementMap":{"1":{"start":{"line":3,"column":0},"end":{"line":5,"column":3}},"2":{"start":{"line":6,"column":0},"end":{"line":6,"column":39}},"3":{"start":{"line":8,"column":0},"end":{"line":8,"column":257}},"4":{"start":{"line":8,"column":52},"end":{"line":8,"column":239}},"5":{"start":{"line":8,"column":97},"end":{"line":8,"column":123}},"6":{"start":{"line":8,"column":124},"end":{"line":8,"column":237}},"7":{"start":{"line":8,"column":150},"end":{"line":8,"column":235}},"8":{"start":{"line":8,"column":207},"end":{"line":8,"column":233}},"9":{"start":{"line":8,"column":240},"end":{"line":8,"column":254}},"10":{"start":{"line":10,"column":0},"end":{"line":10,"column":36}},"11":{"start":{"line":12,"column":0},"end":{"line":12,"column":42}},"12":{"start":{"line":14,"column":0},"end":{"line":14,"column":48}},"13":{"start":{"line":16,"column":0},"end":{"line":16,"column":53}},"14":{"start":{"line":18,"column":0},"end":{"line":18,"column":46}},"15":{"start":{"line":20,"column":0},"end":{"line":20,"column":57}},"16":{"start":{"line":22,"column":0},"end":{"line":22,"column":47}},"17":{"start":{"line":24,"column":0},"end":{"line":24,"column":59}},"18":{"start":{"line":26,"column":0},"end":{"line":26,"column":52}},"19":{"start":{"line":28,"column":0},"end":{"line":28,"column":57}},"20":{"start":{"line":30,"column":0},"end":{"line":30,"column":61}},"21":{"start":{"line":32,"column":0},"end":{"line":32,"column":65}},"22":{"start":{"line":34,"column":0},"end":{"line":34,"column":65}},"23":{"start":{"line":36,"column":0},"end":{"line":36,"column":69}},"24":{"start":{"line":38,"column":0},"end":{"line":38,"column":58}},"25":{"start":{"line":40,"column":0},"end":{"line":40,"column":63}},"26":{"start":{"line":42,"column":0},"end":{"line":42,"column":39}},"27":{"start":{"line":44,"column":0},"end":{"line":44,"column":44}},"28":{"start":{"line":46,"column":0},"end":{"line":46,"column":49}},"29":{"start":{"line":48,"column":0},"end":{"line":48,"column":66}},"30":{"start":{"line":50,"column":0},"end":{"line":50,"column":69}},"31":{"start":{"line":52,"column":0},"end":{"line":52,"column":54}},"32":{"start":{"line":54,"column":0},"end":{"line":54,"column":55}},"33":{"start":{"line":56,"column":0},"end":{"line":56,"column":38}},"34":{"start":{"line":58,"column":0},"end":{"line":58,"column":53}},"35":{"start":{"line":60,"column":0},"end":{"line":60,"column":95}},"36":{"start":{"line":60,"column":39},"end":{"line":60,"column":93}},"37":{"start":{"line":62,"column":0},"end":{"line":62,"column":209}},"38":{"start":{"line":62,"column":44},"end":{"line":62,"column":195}},"39":{"start":{"line":62,"column":62},"end":{"line":62,"column":166}},"40":{"start":{"line":62,"column":176},"end":{"line":62,"column":193}},"41":{"start":{"line":62,"column":196},"end":{"line":62,"column":207}},"42":{"start":{"line":64,"column":0},"end":{"line":68,"column":2}},"43":{"start":{"line":70,"column":0},"end":{"line":391,"column":1}},"44":{"start":{"line":71,"column":2},"end":{"line":71,"column":96}},"45":{"start":{"line":73,"column":2},"end":{"line":79,"column":4}},"46":{"start":{"line":74,"column":4},"end":{"line":78,"column":6}},"47":{"start":{"line":81,"column":2},"end":{"line":89,"column":4}},"48":{"start":{"line":82,"column":4},"end":{"line":82,"column":89}},"49":{"start":{"line":83,"column":4},"end":{"line":88,"column":6}},"50":{"start":{"line":91,"column":2},"end":{"line":98,"column":4}},"51":{"start":{"line":92,"column":4},"end":{"line":92,"column":89}},"52":{"start":{"line":93,"column":4},"end":{"line":97,"column":16}},"53":{"start":{"line":100,"column":2},"end":{"line":104,"column":4}},"54":{"start":{"line":101,"column":4},"end":{"line":103,"column":7}},"55":{"start":{"line":106,"column":2},"end":{"line":111,"column":4}},"56":{"start":{"line":107,"column":4},"end":{"line":110,"column":6}},"57":{"start":{"line":113,"column":2},"end":{"line":118,"column":4}},"58":{"start":{"line":114,"column":4},"end":{"line":117,"column":6}},"59":{"start":{"line":120,"column":2},"end":{"line":125,"column":4}},"60":{"start":{"line":121,"column":4},"end":{"line":124,"column":6}},"61":{"start":{"line":127,"column":2},"end":{"line":132,"column":4}},"62":{"start":{"line":128,"column":4},"end":{"line":131,"column":6}},"63":{"start":{"line":134,"column":2},"end":{"line":142,"column":4}},"64":{"start":{"line":135,"column":4},"end":{"line":135,"column":91}},"65":{"start":{"line":136,"column":4},"end":{"line":136,"column":31}},"66":{"start":{"line":137,"column":4},"end":{"line":141,"column":16}},"67":{"start":{"line":144,"column":2},"end":{"line":151,"column":4}},"68":{"start":{"line":145,"column":4},"end":{"line":145,"column":94}},"69":{"start":{"line":146,"column":4},"end":{"line":150,"column":6}},"70":{"start":{"line":153,"column":2},"end":{"line":159,"column":4}},"71":{"start":{"line":154,"column":4},"end":{"line":154,"column":89}},"72":{"start":{"line":155,"column":4},"end":{"line":158,"column":87}},"73":{"start":{"line":161,"column":2},"end":{"line":168,"column":4}},"74":{"start":{"line":162,"column":4},"end":{"line":162,"column":93}},"75":{"start":{"line":163,"column":4},"end":{"line":167,"column":6}},"76":{"start":{"line":170,"column":2},"end":{"line":178,"column":4}},"77":{"start":{"line":171,"column":4},"end":{"line":171,"column":89}},"78":{"start":{"line":172,"column":4},"end":{"line":177,"column":6}},"79":{"start":{"line":180,"column":2},"end":{"line":185,"column":4}},"80":{"start":{"line":181,"column":4},"end":{"line":181,"column":89}},"81":{"start":{"line":182,"column":4},"end":{"line":184,"column":8}},"82":{"start":{"line":187,"column":2},"end":{"line":191,"column":4}},"83":{"start":{"line":188,"column":4},"end":{"line":190,"column":8}},"84":{"start":{"line":193,"column":2},"end":{"line":193,"column":34}},"85":{"start":{"line":195,"column":2},"end":{"line":200,"column":4}},"86":{"start":{"line":196,"column":4},"end":{"line":199,"column":6}},"87":{"start":{"line":202,"column":2},"end":{"line":207,"column":4}},"88":{"start":{"line":203,"column":4},"end":{"line":206,"column":6}},"89":{"start":{"line":209,"column":2},"end":{"line":228,"column":4}},"90":{"start":{"line":210,"column":4},"end":{"line":210,"column":89}},"91":{"start":{"line":211,"column":4},"end":{"line":227,"column":6}},"92":{"start":{"line":212,"column":6},"end":{"line":212,"column":43}},"93":{"start":{"line":214,"column":6},"end":{"line":214,"column":43}},"94":{"start":{"line":216,"column":6},"end":{"line":220,"column":8}},"95":{"start":{"line":217,"column":8},"end":{"line":219,"column":22}},"96":{"start":{"line":222,"column":6},"end":{"line":222,"column":51}},"97":{"start":{"line":224,"column":6},"end":{"line":226,"column":7}},"98":{"start":{"line":225,"column":8},"end":{"line":225,"column":30}},"99":{"start":{"line":230,"column":2},"end":{"line":235,"column":4}},"100":{"start":{"line":231,"column":4},"end":{"line":231,"column":89}},"101":{"start":{"line":232,"column":4},"end":{"line":234,"column":17}},"102":{"start":{"line":237,"column":2},"end":{"line":244,"column":4}},"103":{"start":{"line":238,"column":4},"end":{"line":238,"column":93}},"104":{"start":{"line":239,"column":4},"end":{"line":243,"column":6}},"105":{"start":{"line":246,"column":2},"end":{"line":254,"column":4}},"106":{"start":{"line":247,"column":4},"end":{"line":247,"column":96}},"107":{"start":{"line":248,"column":4},"end":{"line":248,"column":31}},"108":{"start":{"line":249,"column":4},"end":{"line":253,"column":16}},"109":{"start":{"line":256,"column":2},"end":{"line":300,"column":4}},"110":{"start":{"line":257,"column":4},"end":{"line":257,"column":89}},"111":{"start":{"line":259,"column":4},"end":{"line":261,"column":5}},"112":{"start":{"line":260,"column":6},"end":{"line":260,"column":50}},"113":{"start":{"line":263,"column":4},"end":{"line":299,"column":6}},"114":{"start":{"line":264,"column":6},"end":{"line":288,"column":7}},"115":{"start":{"line":265,"column":8},"end":{"line":265,"column":48}},"116":{"start":{"line":267,"column":8},"end":{"line":267,"column":136}},"117":{"start":{"line":269,"column":8},"end":{"line":271,"column":9}},"118":{"start":{"line":270,"column":10},"end":{"line":270,"column":48}},"119":{"start":{"line":273,"column":8},"end":{"line":273,"column":42}},"120":{"start":{"line":274,"column":13},"end":{"line":288,"column":7}},"121":{"start":{"line":275,"column":8},"end":{"line":275,"column":62}},"122":{"start":{"line":276,"column":8},"end":{"line":276,"column":38}},"123":{"start":{"line":277,"column":8},"end":{"line":277,"column":45}},"124":{"start":{"line":278,"column":8},"end":{"line":278,"column":69}},"125":{"start":{"line":279,"column":8},"end":{"line":279,"column":124}},"126":{"start":{"line":281,"column":8},"end":{"line":283,"column":9}},"127":{"start":{"line":282,"column":10},"end":{"line":282,"column":96}},"128":{"start":{"line":285,"column":8},"end":{"line":285,"column":163}},"129":{"start":{"line":287,"column":8},"end":{"line":287,"column":42}},"130":{"start":{"line":290,"column":6},"end":{"line":290,"column":70}},"131":{"start":{"line":292,"column":6},"end":{"line":296,"column":9}},"132":{"start":{"line":293,"column":8},"end":{"line":293,"column":112}},"133":{"start":{"line":295,"column":8},"end":{"line":295,"column":124}},"134
[...]
y(_len3 > 1 ? _len3 - 1 : 0), _key3 = 1; _key3 < _len3; _key3++) {","      args[_key3 - 1] = arguments[_key3];","    }","","    return map.remove.apply(map, args);","  },","  push: function push(list) {","    for (var _len4 = arguments.length, args = Array(_len4 > 1 ? _len4 - 1 : 0), _key4 = 1; _key4 < _len4; _key4++) {","      args[_key4 - 1] = arguments[_key4];","    }","","    return list.push.apply(list, args);","  },","  length: function length(list) {","    return list.size;","  },","  object: new _immutable2.default.Map(),","  array: new _immutable2.default.List(),","  isObject: function isObject(state) {","    return (0, _isPlainObject2.default)(state) || _immutable2.default.Map.isMap(state);","  }","};","","function immutableGetForm(state, modelString) {","  return (0, _getForm2.default)(state, modelString, baseStrategy);","}","","function immutableGetFormStateKey(state, model) {","  return (0, _getForm.getFormStateKey)(state, model, baseStrategy);","}","","function immutableGetFieldFromState(state, modelString) {","  return (0, _index.getField)(state, modelString, { getForm: immutableGetForm });","}","","var immutableStrategy = _extends({}, baseStrategy, {","  getForm: immutableGetForm,","  getFieldFromState: immutableGetFieldFromState","});","","function transformAction(action) {","  if (action.value && action.value.toJS) {","    return _extends({}, action, {","      value: action.value.toJS()","    });","  }","","  if (action.actions) {","    return _extends({}, action, {","      actions: action.actions.map(transformAction)","    });","  }","","  return action;","}","","function immutableFormReducer(model) {","  var initialState = arguments.length > 1 && arguments[1] !== undefined ? arguments[1] : new _immutable2.default.Map();","  var options = arguments.length > 2 && arguments[2] !== undefined ? arguments[2] : {};","","  var _initialState = initialState && initialState.toJS ? initialState.toJS() : initialState;","","  return (0, _formReducer2.default)(model, _initialState, _extends({}, options, {","    transformAction: transformAction","  }));","}","","var immutableModelActions = (0, _modelActions.createModelActions)(immutableStrategy);","var immutableFieldActions = (0, _fieldActions.createFieldActions)(immutableStrategy);","","var immutableActions = _extends({}, immutableModelActions, immutableFieldActions, {","  batch: _batchActions2.default","});","","var immutableModelReducer = (0, _modelReducer.createModeler)(immutableStrategy);","var immutableModelReducerEnhancer = (0, _modeledEnhancer.createModelReducerEnhancer)(immutableModelReducer);","var ImmutableControl = (0, _controlComponent.createControlClass)({","  get: _getFromImmutableState2.default,","  getFieldFromState: immutableGetFieldFromState,","  actions: immutableModelActions","});","var ImmutableField = (0, _index.createFieldClass)(_controlPropsMap2.default, {","  Control: ImmutableControl,","  getter: _getFromImmutableState2.default,","  getFieldFromState: immutableGetFieldFromState,","  changeAction: immutableModelActions.change,","  actions: immutableModelActions","});","var ImmutableErrors = (0, _errorsComponent.createErrorsClass)(immutableStrategy);","var ImmutableForm = (0, _formComponent.createFormClass)(_extends({}, immutableStrategy, {","  actions: immutableActions","}));","","var immutableFormCombiner = (0, _formsReducer.createFormCombiner)({","  modelReducer: immutableModelReducer,","  formReducer: immutableFormReducer,","  modeled: immutableModelReducerEnhancer,","  toJS: function toJS(val) {","    return val && val.toJS ? val.toJS() : val;","  }","});","","var immutableCombineForms = immutableFormCombiner.combineForms;","var immutableCreateForms = immutableFormCombiner.createForms;","","var immutableTrack = (0, _track.createTrack)(immutableStrategy);","","exports.formReducer = immutableFormReducer;","exports.modelReducer = immutableModelReducer;","exports.combineForms = immutableCombineForms;","exports.createForms = immutableCreateForms;","exports.initialFieldState = _index.initialFieldState;","exports.actions = immutableActions;","exports.actionTypes = _index.actionTypes;","exports.controls = _controlPropsMap2.default;","exports.Field = ImmutableField;","exports.Control = ImmutableControl;","exports.Form = ImmutableForm;","exports.Errors = ImmutableErrors;","exports.Fieldset = _fieldsetComponent2.default;","exports.createFieldClass = _index.createFieldClass;","exports.modeled = immutableModelReducerEnhancer;","exports.batched = _index.batched;","exports.form = _index.form;","exports.getField = immutableGetFieldFromState;","exports.getForm = immutableGetForm;","exports.getFormStateKey = immutableGetFormStateKey;","exports.track = immutableTrack;"],"l":{"3":2,"6":2,"8":2,"10":2,"12":2,"14":2,"16":2,"18":2,"20":2,"22":2,"24":2,"26":2,"28":2,"30":2,"32":2,"34":2,"36":2,"38":2,"40":2,"42":2,"44":2,"46":2,"48":2,"50":2,"52":2,"54":2,"56":2,"58":2,"60":2,"62":0,"64":0,"66":16,"68":1,"69":0,"70":0,"72":0,"76":1,"77":0,"78":0,"80":0,"83":0,"89":0,"90":0,"93":0,"96":0,"97":0,"100":0,"103":0,"104":0,"107":0,"110":0,"111":0,"114":0,"117":0,"122":0,"126":1,"127":0,"130":1,"131":0,"134":1,"135":0,"138":0,"143":1,"144":0,"145":0,"150":0,"151":0,"156":0,"159":1,"160":0,"161":0,"163":0,"165":0,"170":0,"171":0,"173":0,"177":0,"178":0,"179":0,"184":0,"191":0,"192":0,"196":0,"201":0,"205":0,"206":0,"208":0,"210":0,"211":0,"212":0,"213":0,"214":0,"215":0,"216":0,"217":0,"218":0,"219":0,"220":0,"221":0,"222":0,"223":0,"224":0,"225":0,"226":0,"227":0,"228":0,"229":0,"230":0}},"/home/travis/build/npmtest/node-npmtest-react-redux-form/node_modules/react-redux-form/lib/utils/get-from-immutable-state.js":{"path":"/home/travis/build/npmtest/node-npmtest-react-redux-form/node_modules/react-redux-form/lib/utils/get-from-immutable-state.js","s":{"1":1,"2":1,"3":0,"4":0,"5":1,"6":1,"7":1,"8":1,"9":1,"10":1,"11":0,"12":0,"13":0,"14":0,"15":0,"16":0,"17":0},"b":{"1":[1,0],"2":[1,1],"3":[0,0],"4":[0,0,0,0],"5":[1,0],"6":[1,1],"7":[0,0],"8":[0,0],"9":[0,0],"10":[0,0],"11":[0,0]},"f":{"1":0,"2":0,"3":1,"4":0,"5":0},"fnMap":{"1":{"name":"(anonymous_1)","line":7,"loc":{"start":{"line":7,"column":84},"end":{"line":7,"column":99}}},"2":{"name":"(anonymous_2)","line":7,"loc":{"start":{"line":7,"column":124},"end":{"line":7,"column":139}}},"3":{"name":"_interopRequireDefault","line":15,"loc":{"start":{"line":15,"column":0},"end":{"line":15,"column":37}}},"4":{"name":"immutableGetFromState","line":17,"loc":{"start":{"line":17,"column":0},"end":{"line":17,"column":51}}},"5":{"name":"(anonymous_5)","line":20,"loc":{"start":{"line":20,"column":21},"end":{"line":20,"column":50}}}},"statementMap":{"1":{"start":{"line":3,"column":0},"end":{"line":5,"column":3}},"2":{"start":{"line":7,"column":0},"end":{"line":7,"column":269}},"3":{"start":{"line":7,"column":101},"end":{"line":7,"column":119}},"4":{"start":{"line":7,"column":141},"end":{"line":7,"column":266}},"5":{"start":{"line":9,"column":0},"end":{"line":9,"column":40}},"6":{"start":{"line":11,"column":0},"end":{"line":11,"column":35}},"7":{"start":{"line":13,"column":0},"end":{"line":13,"column":47}},"8":{"start":{"line":15,"column":0},"end":{"line":15,"column":95}},"9":{"start":{"line":15,"column":39},"end":{"line":15,"column":93}},"10":{"start":{"line":17,"column":0},"end":{"line":31,"column":1}},"11":{"start":{"line":18,"column":2},"end":{"line":18,"column":48}},"12":{"start":{"line":20,"column":2},"end":{"line":30,"column":12}},"13":{"start":{"line":21,"column":4},"end":{"line":21,"column":67}},"14":{"start":{"line":21,"column":51},"end":{"line":21,"column":67}},"15":{"start":{"line":24,"column":4},"end":{"line":26,"column":5}},"16":{"start":{"line":25,"column":6},"end":{"line":25,"column":35}},"17":{"start":{"line":29,"column":4},"end":{"line":29,"column":29}}},"branchMap":{"1":{"line":7,"type":"cond-expr","locations":[{"start":{"line":7,"column":84},"end":{"line":7,"column":121}},{"start":{"line":7,"column":124},"end":{"line":7,"column":268}}]},"2":{"line":7,"type":"binary-expr","locations":[{"start":{"line":7,"column":14},"end":{"line":7,"column":42}},{"start":{"line":7,"column":46},"end":{"line":7,"column":81}}]},"3":{"line":7,"type":"cond-expr","locations":[{"start":{"line":7,"column":244},"end":{"line":7,"column":252}},{"start":{"line":7,"column":255},"end":{"line":7,"column":265}}]},"4":{"line":7,"type":"binary-expr","locations":[{"start":{"line":7,"column":148},"end":{"line":7,"column":151}},{"start":{"line":7,"column":155},"end":{"line":7,"column":183}},{"start":{"line":7,"column":187},"end":{"line":7,"column":213}},{"start":{"line":7,"column":217},"end":{"line":7,"column":241}}]},"5":{"line":15,"type":"cond-expr","locations":[{"start":{"line":15,"column":70},"end":{"line":15,"column":73}},{"start":{"line":15,"column":76},"end":{"line":15,"column":92}}]},"6":{"line":15,"type":"binary-expr","locations":[{"start":{"line":15,"column":46},"end":{"line":15,"column":49}},{"start":{"line":15,"column":53},"end":{"line":15,"column":67}}]},"7":{"line":21,"type":"if","locations":[{"start":{"line":21,"column":4},"end":{"line":21,"column":4}},{"start":{"line":21,"column":4},"end":{"line":21,"column":4}}]},"8":{"line":21,"type":"binary-expr","locations":[{"start":{"line":21,"column":8},"end":{"line":21,"column":17}},{"start":{"line":21,"column":21},"end":{"line":21,"column":49}}]},"9":{"line":24,"type":"if","locations":[{"start":{"line":24,"column":4},"end":{"line":24,"column":4}},{"start":{"line":24,"column":4},"end":{"line":24,"column":4}}]},"10":{"line":24,"type":"binary-expr","locations":[{"start":{"line":24,"column":8},"end":{"line":24,"column":88}},{"start":{"line":24,"column":92},"end":{"line":24,"column":109}}]},"11":{"line":24,"type":"cond-expr","locations":[{"start":{"line":24,"column":43},"end":{"line":24,"column":54}},{"start":{"line":24,"column":57},"end":{"line":24,"column":74}}]}},"code":["'use strict';","","Object.defineProperty(exports, \"__esModule\", {","  value: true","});","","var _typeof = typeof Symbol === \"function\" && typeof Symbol.iterator === \"symbol\" ? function (obj) { return typeof obj; } : function (obj) { return obj && typeof Symbol === \"function\" && obj.constructor === Symbol && obj !== Symbol.prototype ? \"symbol\" : typeof obj; };","","exports.default = immutableGetFromState;","","var _toPath = require('./to-path');","","var _toPath2 = _interopRequireDefault(_toPath);","","function _interopRequireDefault(obj) { return obj && obj.__esModule ? obj : { default: obj }; }","","function immutableGetFromState(state, modelString) {","  var path = (0, _toPath2.default)(modelString);","","  return path.reduce(function (subState, subPath) {","    if (!subState || typeof subState === 'string') return subState;","","    // Current subState is immutable","    if ((typeof subState === 'undefined' ? 'undefined' : _typeof(subState)) === 'object' && 'get' in subState) {","      return subState.get(subPath);","    }","","    // Current subState is a plain object/array","    return subState[subPath];","  }, state);","}"],"l":{"3":1,"7":1,"9":1,"11":1,"13":1,"15":1,"17":1,"18":0,"20":0,"21":0,"24":0,"25":0,"29":0}},"/home/travis/build/npmtest/node-npmtest-react-redux-form/node_modules/react-redux-form/lib/utils/capitalize.js":{"path":"/home/travis/build/npmtest/node-npmtest-react-redux-form/node_modules/react-redux-form/lib/utils/capitalize.js","s":{"1":1,"2":1,"3":1,"4":0,"5":0,"6":0},"b":{"1":[0,0]},"f":{"1":0},"fnMap":{"1":{"name":"capitalize","line":7,"loc":{"start":{"line":7,"column":0},"end":{"line":7,"column":28}}}},"statementMap":{"1":{"start":{"line":3,"column":0},"end":{"line":5,"column":3}},"2":{"start":{"line":6,"column":0},"end":{"line":6,"column":29}},"3":{"start":{"line":7,"column":0},"end":{"line":13,"column":1}},"4":{"start":{"line":8,"column":2},"end":{"line":10,"column":3}},"5":{"start":{"line":9,"column":4},"end":{"line":9,"column":14}},"6":{"start":{"line":12,"column":2},"end":{"line":12,"column":58}}},"branchMap":{"1":{"line":8,"type":"if","locations":[{"start":{"line":8,"column":2},"end":{"line":8,"column":2}},{"start":{"line":8,"column":2},"end":{"line":8,"column":2}}]}},"code":["'use strict';","","Object.defineProperty(exports, \"__esModule\", {","  value: true","});","exports.default = capitalize;","function capitalize(string) {","  if (typeof string !== 'string') {","    return '';","  }","","  return string.charAt(0).toUpperCase() + string.slice(1);","}"],"l":{"3":1,"6":1,"7":1,"8":0,"9":0,"12":0}},"/home/travis/build/npmtest/node-npmtest-react-redux-form/node_modules/react-redux-form/lib/utils/find.js":{"path":"/home/travis/build/npmtest/node-npmtest-react-redux-form/node_modules/react-redux-form/lib/utils/find.js","s":{"1":1,"2":1,"3":1,"4":0,"5":0,"6":0,"7":0,"8":0,"9":0,"10":0,"11":0,"12":0,"13":0},"b":{"1":[0,0],"2":[0,0],"3":[0,0],"4":[0,0]},"f":{"1":0},"fnMap":{"1":{"name":"find","line":7,"loc":{"start":{"line":7,"column":0},"end":{"line":7,"column":16}}}},"statementMap":{"1":{"start":{"line":3,"column":0},"end":{"line":5,"column":3}},"2":{"start":{"line":6,"column":0},"end":{"line":6,"column":23}},"3":{"start":{"line":7,"column":0},"end":{"line":22,"column":1}},"4":{"start":{"line":8,"column":2},"end":{"line":8,"column":85}},"5":{"start":{"line":9,"column":2},"end":{"line":9,"column":31}},"6":{"start":{"line":11,"column":2},"end":{"line":11,"column":57}},"7":{"start":{"line":11,"column":28},"end":{"line":11,"column":57}},"8":{"start":{"line":13,"column":2},"end":{"line":13,"column":34}},"9":{"start":{"line":15,"column":2},"end":{"line":19,"column":3}},"10":{"start":{"line":16,"column":4},"end":{"line":16,"column":25}},"11":{"start":{"line":18,"column":4},"end":{"line":18,"column":49}},"12":{"start":{"line":18,"column":36},"end":{"line":18,"column":49}},"13":{"start":{"line":21,"column":2},"end":{"line":21,"column":19}}},"branchMap":{"1":{"line":8,"type":"cond-expr","locations":[{"start":{"line":8,"column":67},"end":{"line":8,"column":79}},{"start":{"line":8,"column":82},"end":{"line":8,"column":84}}]},"2":{"line":8,"type":"binary-expr","locations":[{"start":{"line":8,"column":14},"end":{"line":8,"column":34}},{"start":{"line":8,"column":38},"end":{"line":8,"column":64}}]},"3":{"line":11,"type":"if","locations":[{"start":{"line":11,"column":2},"end":{"line":11,"column":2}},{"start":{"line":11,"column":2},"end":{"line":11,"column":2}}]},"4":{"line":18,"type":"if","locations":[{"start":{"line":18,"column":4},"end":{"line":18,"column":4}},{"start":{"line":18,"column":4},"end":{"line":18,"column":4}}]}},"code":["\"use strict\";","","Object.defineProperty(exports, \"__esModule\", {","  value: true","});","exports.default = find;","function find() {","  var array = arguments.length > 0 && arguments[0] !== undefined ? arguments[0] : [];","  var predicate = arguments[1];","","  if (array.prototype.find) return array.find(predicate);","","  var length = array.length >>> 0;","","  for (var i = 0; i < length; i++) {","    var value = array[i];","","    if (predicate(value, i, array)) return value;","  }","","  return undefined;","}"],"l":{"3":1,"6":1,"7":1,"8":0,"9":0,"11":0,"13":0,"15":0,"16":0,"18":0,"21":0}},"/home/travis/build/npmtest/node-npmtest-react-redux-form/node_modules/react-redux-form/lib/utils/flatten.js":{"path":"/home/travis/build/npmtest/node-npmtest-react-redux-form/node_modules/react-redux-form/lib/utils/flatten.js","s":{"1":1,"2":1,"3":0,"4":0,"5":1,"6":0,"7":0,"8":0,"9":0,"10":0,"11":0,"12":0,"13":0,"14":0,"15":0,"16":0,"17":0,"18":0,"19":0,"20":0,"21":0,"22":1},"b":{"1":[0,0],"2":[0,0],"3":[0,0],"4":[0,0],"5":[0,0],"6":[0,0],"7":[0,0],"8":[0,0]},"f":{"1":0,"2":0,"3":0,"4":0},"fnMap":{"1":{"name":"flatten","line":6,"loc":{"start":{"line":6,"column":0},"end":{"line":6,"column":23}}},"2":{"name":"recurse","line":10,"loc":{"start":{"line":10,"column":2},"end":{"line":10,"column":24}}},"3":{"name":"(anonymous_3)","line":18,"loc":{"start":{"line":18,"column":18},"end":{"line":18,"column":37}}},"4":{"name":"(anonymous_4)","line":24,"loc":{"start":{"line":24,"column":31},"end":{"line":24,"column":46}}}},"statementMap":{"1":{"start":{"line":3,"column":0},"end":{"line":5,"column":3}},"2":{"start":{"line":6,"column":0},"end":{"line":36,"column":1}},"3":{"start":{"line":7,"column":2},"end":{"line":7,"column":18}},"4":{"start":{"line":8,"column":2},"end":{"line":8,"column":22}},"5":{"start":{"line":10,"column":2},"end":{"line":31,"column":3}},"6":{"start":{"line":11,"column":4},"end":{"line":11,"column":86}},"7":{"start":{"line":13,"column":4},"end":{"line":30,"column":5}},"8":{"start":{"line":14,"column":6},"end":{"line":14,"column":25}},"9":{"start":{"line":15,"column":11},"end":{"line":30,"column":5}},"10":{"start":{"line":16,"column":6},"end":{"line":16,"column":41}},"11":{"start":{"line":16,"column":23},"end":{"line":16,"column":41}},"12":{"start":{"line":18,"column":6},"end":{"line":20,"column":9}},"13":{"start":{"line":19,"column":8},"end":{"line":19,"column":67}},"14":{"start":{"line":22,"column":6},"end":{"line":22,"column":25}},"15":{"start":{"line":24,"column":6},"end":{"line":27,"column":9}},"16":{"start":{"line":25,"column":8},"end":{"line":25,"column":24}},"17":{"start":{"line":26,"column":8},"end":{"line":26,"column":68}},"18":{"start":{"line":29,"column":6},"end":{"line":29,"column":37}},"19":{"start":{"line":29,"column":19},"end":{"line":29,"column":37}},"20":{"start":{"line":33,"column":2},"end":{"line":33,"column":16}},"21":{"start":{"line":35,"column":2},"end":{"line":35,"column":16}},"22":{"start":{"line":38,"column":0},"end":{"line":38,"column":26}}},"branchMap":{"1":{"line":11,"type":"cond-expr","locations":[{"start":{"line":11,"column":68},"end":{"line":11,"column":80}},{"start":{"line":11,"column":83},"end":{"line":11,"column":85}}]},"2":{"line":11,"type":"binary-expr","locations":[{"start":{"line":11,"column":15},"end":{"line":11,"column":35}},{"start":{"line":11,"column":39},"end":{"line":11,"column":65}}]},"3":{"line":13,"type":"if","locations":[{"start":{"line":13,"column":4},"end":{"line":13,"column":4}},{"start":{"line":13,"column":4},"end":{"line":13,"column":4}}]},"4":{"line":15,"type":"if","locations":[{"start":{"line":15,"column":11},"end":{"line":15,"column":11}},{"start":{"line":15,"column":11},"end":{"line":15,"column":11}}]},"5":{"line":16,"type":"if","locations":[{"start":{"line":16,"column":6},"end":{"line":16,"column":6}},{"start":{"line":16,"column":6},"end":{"line":16,"column":6}}]},"6":{"line":19,"type":"cond-expr","locations":[{"start":{"line":19,"column":31},"end":{"line":19,"column":56}},{"start":{"line":19,"column":59},"end":{"line":19,"column":65}}]},"7":{"line":26,"type":"cond-expr","locations":[{"start":{"line":26,"column":33},"end":{"line":26,"column":60}},{"start":{"line":26,"column":63},"end":{"line":26,"column":66}}]},"8":{"line":29,"type":"if","locations":[{"start":{"line":29,"column":6},"end":{"line":29,"column":6}},{"start":{"line":29,"column":6},"end":{"line":29,"column":6}}]}},"code":["'use strict';","","Object.defineProperty(exports, \"__esModule\", {","  value: true","});","function flatten(data) {","  var result = {};","  var delimiter = '.';","","  function recurse(cur) {","    var prop = arguments.length > 1 && arguments[1] !== undefined ? arguments[1] : '';","","    if (Object(cur) !== cur) {","      result[prop] = cur;","    } else if (Array.isArray(cur)) {","      if (!cur.length) result[prop] = [];","","      cur.forEach(function (item, i) {","        recurse(cur[i], prop ? [prop, i].join(delimiter) : '' + i);","      });","    } else {","      var isEmpty = true;","","      Object.keys(cur).forEach(function (key) {","        isEmpty = false;","        recurse(cur[key], prop ? [prop, key].join(delimiter) : key);","      });","","      if (isEmpty) result[prop] = {};","    }","  }","","  recurse(data);","","  return result;","}","","exports.default = flatten;"],"l":{"3":1,"6":1,"7":0,"8":0,"10":1,"11":0,"13":0,"14":0,"15":0,"16":0,"18":0,"19":0,"22":0,"24":0,"25":0,"26":0,"29":0,"33":0,"35":0,"38":1}}}